ARM GAS  C:\Users\bibiw\AppData\Local\Temp\cchUuLW4.s 			page 1


   1              		.syntax unified
   2              		.cpu cortex-m0
   3              		.fpu softvfp
   4              		.eabi_attribute 20, 1
   5              		.eabi_attribute 21, 1
   6              		.eabi_attribute 23, 3
   7              		.eabi_attribute 24, 1
   8              		.eabi_attribute 25, 1
   9              		.eabi_attribute 26, 1
  10              		.eabi_attribute 30, 1
  11              		.eabi_attribute 34, 0
  12              		.eabi_attribute 18, 4
  13              		.thumb
  14              		.syntax unified
  15              		.file	"cyfitter_cfg.c"
  16              		.text
  17              	.Ltext0:
  18              		.cfi_sections	.debug_frame
  19              		.section	.text.cfg_write_bytes32,"ax",%progbits
  20              		.align	2
  21              		.code	16
  22              		.thumb_func
  23              		.type	cfg_write_bytes32, %function
  24              	cfg_write_bytes32:
  25              	.LFB3:
  26              		.file 1 "Generated_Source\\PSoC4\\cyfitter_cfg.c"
   1:Generated_Source\PSoC4/cyfitter_cfg.c **** 
   2:Generated_Source\PSoC4/cyfitter_cfg.c **** /*******************************************************************************
   3:Generated_Source\PSoC4/cyfitter_cfg.c **** * File Name: cyfitter_cfg.c
   4:Generated_Source\PSoC4/cyfitter_cfg.c **** * 
   5:Generated_Source\PSoC4/cyfitter_cfg.c **** * PSoC Creator  4.4
   6:Generated_Source\PSoC4/cyfitter_cfg.c **** *
   7:Generated_Source\PSoC4/cyfitter_cfg.c **** * Description:
   8:Generated_Source\PSoC4/cyfitter_cfg.c **** * This file contains device initialization code.
   9:Generated_Source\PSoC4/cyfitter_cfg.c **** * Except for the user defined sections in CyClockStartupError(), this file should not be modified.
  10:Generated_Source\PSoC4/cyfitter_cfg.c **** * This file is automatically generated by PSoC Creator.
  11:Generated_Source\PSoC4/cyfitter_cfg.c **** *
  12:Generated_Source\PSoC4/cyfitter_cfg.c **** ********************************************************************************
  13:Generated_Source\PSoC4/cyfitter_cfg.c **** * Copyright (c) 2007-2020 Cypress Semiconductor.  All rights reserved.
  14:Generated_Source\PSoC4/cyfitter_cfg.c **** * You may use this file only in accordance with the license, terms, conditions, 
  15:Generated_Source\PSoC4/cyfitter_cfg.c **** * disclaimers, and limitations in the end user license agreement accompanying 
  16:Generated_Source\PSoC4/cyfitter_cfg.c **** * the software package with which this file was provided.
  17:Generated_Source\PSoC4/cyfitter_cfg.c **** ********************************************************************************/
  18:Generated_Source\PSoC4/cyfitter_cfg.c **** 
  19:Generated_Source\PSoC4/cyfitter_cfg.c **** #include <string.h>
  20:Generated_Source\PSoC4/cyfitter_cfg.c **** #include "cytypes.h"
  21:Generated_Source\PSoC4/cyfitter_cfg.c **** #include "cydevice_trm.h"
  22:Generated_Source\PSoC4/cyfitter_cfg.c **** #include "cyfitter.h"
  23:Generated_Source\PSoC4/cyfitter_cfg.c **** #include "CyLib.h"
  24:Generated_Source\PSoC4/cyfitter_cfg.c **** #include "CyLFClk.h"
  25:Generated_Source\PSoC4/cyfitter_cfg.c **** #include "cyfitter_cfg.h"
  26:Generated_Source\PSoC4/cyfitter_cfg.c **** #include "cyapicallbacks.h"
  27:Generated_Source\PSoC4/cyfitter_cfg.c **** 
  28:Generated_Source\PSoC4/cyfitter_cfg.c **** 
  29:Generated_Source\PSoC4/cyfitter_cfg.c **** #if defined(__GNUC__) || defined(__ARMCC_VERSION)
  30:Generated_Source\PSoC4/cyfitter_cfg.c ****     #define CYPACKED 
  31:Generated_Source\PSoC4/cyfitter_cfg.c ****     #define CYPACKED_ATTR __attribute__ ((packed))
ARM GAS  C:\Users\bibiw\AppData\Local\Temp\cchUuLW4.s 			page 2


  32:Generated_Source\PSoC4/cyfitter_cfg.c ****     #define CYALIGNED __attribute__ ((aligned))
  33:Generated_Source\PSoC4/cyfitter_cfg.c ****     #define CY_CFG_UNUSED __attribute__ ((unused))
  34:Generated_Source\PSoC4/cyfitter_cfg.c ****     #ifndef CY_CFG_SECTION
  35:Generated_Source\PSoC4/cyfitter_cfg.c ****         #define CY_CFG_SECTION __attribute__ ((section(".psocinit")))
  36:Generated_Source\PSoC4/cyfitter_cfg.c ****     #endif
  37:Generated_Source\PSoC4/cyfitter_cfg.c ****     
  38:Generated_Source\PSoC4/cyfitter_cfg.c ****     #if defined(__ARMCC_VERSION)
  39:Generated_Source\PSoC4/cyfitter_cfg.c ****         #define CY_CFG_MEMORY_BARRIER() __memory_changed()
  40:Generated_Source\PSoC4/cyfitter_cfg.c ****     #else
  41:Generated_Source\PSoC4/cyfitter_cfg.c ****         #define CY_CFG_MEMORY_BARRIER() __sync_synchronize()
  42:Generated_Source\PSoC4/cyfitter_cfg.c ****     #endif
  43:Generated_Source\PSoC4/cyfitter_cfg.c ****     
  44:Generated_Source\PSoC4/cyfitter_cfg.c **** #elif defined(__ICCARM__)
  45:Generated_Source\PSoC4/cyfitter_cfg.c ****     #include <intrinsics.h>
  46:Generated_Source\PSoC4/cyfitter_cfg.c **** 
  47:Generated_Source\PSoC4/cyfitter_cfg.c ****     #define CYPACKED __packed
  48:Generated_Source\PSoC4/cyfitter_cfg.c ****     #define CYPACKED_ATTR 
  49:Generated_Source\PSoC4/cyfitter_cfg.c ****     #define CYALIGNED _Pragma("data_alignment=4")
  50:Generated_Source\PSoC4/cyfitter_cfg.c ****     #define CY_CFG_UNUSED _Pragma("diag_suppress=Pe177")
  51:Generated_Source\PSoC4/cyfitter_cfg.c ****     #define CY_CFG_SECTION _Pragma("location=\".psocinit\"")
  52:Generated_Source\PSoC4/cyfitter_cfg.c ****     
  53:Generated_Source\PSoC4/cyfitter_cfg.c ****     #define CY_CFG_MEMORY_BARRIER() __DMB()
  54:Generated_Source\PSoC4/cyfitter_cfg.c ****     
  55:Generated_Source\PSoC4/cyfitter_cfg.c **** #else
  56:Generated_Source\PSoC4/cyfitter_cfg.c ****     #error Unsupported toolchain
  57:Generated_Source\PSoC4/cyfitter_cfg.c **** #endif
  58:Generated_Source\PSoC4/cyfitter_cfg.c **** 
  59:Generated_Source\PSoC4/cyfitter_cfg.c **** #ifndef CYCODE
  60:Generated_Source\PSoC4/cyfitter_cfg.c ****     #define CYCODE
  61:Generated_Source\PSoC4/cyfitter_cfg.c **** #endif
  62:Generated_Source\PSoC4/cyfitter_cfg.c **** #ifndef CYDATA
  63:Generated_Source\PSoC4/cyfitter_cfg.c ****     #define CYDATA
  64:Generated_Source\PSoC4/cyfitter_cfg.c **** #endif
  65:Generated_Source\PSoC4/cyfitter_cfg.c **** #ifndef CYFAR
  66:Generated_Source\PSoC4/cyfitter_cfg.c ****     #define CYFAR
  67:Generated_Source\PSoC4/cyfitter_cfg.c **** #endif
  68:Generated_Source\PSoC4/cyfitter_cfg.c **** #ifndef CYXDATA
  69:Generated_Source\PSoC4/cyfitter_cfg.c ****     #define CYXDATA
  70:Generated_Source\PSoC4/cyfitter_cfg.c **** #endif
  71:Generated_Source\PSoC4/cyfitter_cfg.c **** 
  72:Generated_Source\PSoC4/cyfitter_cfg.c **** 
  73:Generated_Source\PSoC4/cyfitter_cfg.c **** CY_CFG_UNUSED
  74:Generated_Source\PSoC4/cyfitter_cfg.c **** static void CYMEMZERO(void *s, size_t n);
  75:Generated_Source\PSoC4/cyfitter_cfg.c **** CY_CFG_UNUSED
  76:Generated_Source\PSoC4/cyfitter_cfg.c **** static void CYMEMZERO(void *s, size_t n)
  77:Generated_Source\PSoC4/cyfitter_cfg.c **** {
  78:Generated_Source\PSoC4/cyfitter_cfg.c **** 	(void)memset(s, 0, n);
  79:Generated_Source\PSoC4/cyfitter_cfg.c **** }
  80:Generated_Source\PSoC4/cyfitter_cfg.c **** CY_CFG_UNUSED
  81:Generated_Source\PSoC4/cyfitter_cfg.c **** static void CYCONFIGCPY(void *dest, const void *src, size_t n);
  82:Generated_Source\PSoC4/cyfitter_cfg.c **** CY_CFG_UNUSED
  83:Generated_Source\PSoC4/cyfitter_cfg.c **** static void CYCONFIGCPY(void *dest, const void *src, size_t n)
  84:Generated_Source\PSoC4/cyfitter_cfg.c **** {
  85:Generated_Source\PSoC4/cyfitter_cfg.c **** 	(void)memcpy(dest, src, n);
  86:Generated_Source\PSoC4/cyfitter_cfg.c **** }
  87:Generated_Source\PSoC4/cyfitter_cfg.c **** CY_CFG_UNUSED
  88:Generated_Source\PSoC4/cyfitter_cfg.c **** static void CYCONFIGCPYCODE(void *dest, const void *src, size_t n);
ARM GAS  C:\Users\bibiw\AppData\Local\Temp\cchUuLW4.s 			page 3


  89:Generated_Source\PSoC4/cyfitter_cfg.c **** CY_CFG_UNUSED
  90:Generated_Source\PSoC4/cyfitter_cfg.c **** static void CYCONFIGCPYCODE(void *dest, const void *src, size_t n)
  91:Generated_Source\PSoC4/cyfitter_cfg.c **** {
  92:Generated_Source\PSoC4/cyfitter_cfg.c **** 	(void)memcpy(dest, src, n);
  93:Generated_Source\PSoC4/cyfitter_cfg.c **** }
  94:Generated_Source\PSoC4/cyfitter_cfg.c **** 
  95:Generated_Source\PSoC4/cyfitter_cfg.c **** 
  96:Generated_Source\PSoC4/cyfitter_cfg.c **** 
  97:Generated_Source\PSoC4/cyfitter_cfg.c **** 
  98:Generated_Source\PSoC4/cyfitter_cfg.c **** /* Clock startup error codes                                                   */
  99:Generated_Source\PSoC4/cyfitter_cfg.c **** #define CYCLOCKSTART_NO_ERROR    0u
 100:Generated_Source\PSoC4/cyfitter_cfg.c **** #define CYCLOCKSTART_XTAL_ERROR  1u
 101:Generated_Source\PSoC4/cyfitter_cfg.c **** #define CYCLOCKSTART_32KHZ_ERROR 2u
 102:Generated_Source\PSoC4/cyfitter_cfg.c **** #define CYCLOCKSTART_PLL_ERROR   3u
 103:Generated_Source\PSoC4/cyfitter_cfg.c **** #define CYCLOCKSTART_FLL_ERROR   4u
 104:Generated_Source\PSoC4/cyfitter_cfg.c **** #define CYCLOCKSTART_WCO_ERROR   5u
 105:Generated_Source\PSoC4/cyfitter_cfg.c **** 
 106:Generated_Source\PSoC4/cyfitter_cfg.c **** 
 107:Generated_Source\PSoC4/cyfitter_cfg.c **** #ifdef CY_NEED_CYCLOCKSTARTUPERROR
 108:Generated_Source\PSoC4/cyfitter_cfg.c **** /*******************************************************************************
 109:Generated_Source\PSoC4/cyfitter_cfg.c **** * Function Name: CyClockStartupError
 110:Generated_Source\PSoC4/cyfitter_cfg.c **** ********************************************************************************
 111:Generated_Source\PSoC4/cyfitter_cfg.c **** * Summary:
 112:Generated_Source\PSoC4/cyfitter_cfg.c **** *  If an error is encountered during clock configuration (crystal startup error,
 113:Generated_Source\PSoC4/cyfitter_cfg.c **** *  PLL lock error, etc.), the system will end up here.  Unless reimplemented by
 114:Generated_Source\PSoC4/cyfitter_cfg.c **** *  the customer, this function will stop in an infinite loop.
 115:Generated_Source\PSoC4/cyfitter_cfg.c **** *
 116:Generated_Source\PSoC4/cyfitter_cfg.c **** * Parameters:
 117:Generated_Source\PSoC4/cyfitter_cfg.c **** *   void
 118:Generated_Source\PSoC4/cyfitter_cfg.c **** *
 119:Generated_Source\PSoC4/cyfitter_cfg.c **** * Return:
 120:Generated_Source\PSoC4/cyfitter_cfg.c **** *   void
 121:Generated_Source\PSoC4/cyfitter_cfg.c **** *
 122:Generated_Source\PSoC4/cyfitter_cfg.c **** *******************************************************************************/
 123:Generated_Source\PSoC4/cyfitter_cfg.c **** CY_CFG_UNUSED
 124:Generated_Source\PSoC4/cyfitter_cfg.c **** static void CyClockStartupError(uint8 errorCode);
 125:Generated_Source\PSoC4/cyfitter_cfg.c **** CY_CFG_UNUSED
 126:Generated_Source\PSoC4/cyfitter_cfg.c **** static void CyClockStartupError(uint8 errorCode)
 127:Generated_Source\PSoC4/cyfitter_cfg.c **** {
 128:Generated_Source\PSoC4/cyfitter_cfg.c ****     /* To remove the compiler warning if errorCode not used.                */
 129:Generated_Source\PSoC4/cyfitter_cfg.c ****     errorCode = errorCode;
 130:Generated_Source\PSoC4/cyfitter_cfg.c **** 
 131:Generated_Source\PSoC4/cyfitter_cfg.c ****     /* If we have a clock startup error (bad MHz crystal, PLL lock, etc.),  */
 132:Generated_Source\PSoC4/cyfitter_cfg.c ****     /* we will end up here to allow the customer to implement something to  */
 133:Generated_Source\PSoC4/cyfitter_cfg.c ****     /* deal with the clock condition.                                       */
 134:Generated_Source\PSoC4/cyfitter_cfg.c **** 
 135:Generated_Source\PSoC4/cyfitter_cfg.c **** #ifdef CY_CFG_CLOCK_STARTUP_ERROR_CALLBACK
 136:Generated_Source\PSoC4/cyfitter_cfg.c ****     CY_CFG_Clock_Startup_ErrorCallback();
 137:Generated_Source\PSoC4/cyfitter_cfg.c **** #else
 138:Generated_Source\PSoC4/cyfitter_cfg.c ****     /*  If not using CY_CFG_CLOCK_STARTUP_ERROR_CALLBACK, place your clock startup code here. */
 139:Generated_Source\PSoC4/cyfitter_cfg.c ****     /* `#START CyClockStartupError` */
 140:Generated_Source\PSoC4/cyfitter_cfg.c **** 
 141:Generated_Source\PSoC4/cyfitter_cfg.c **** 
 142:Generated_Source\PSoC4/cyfitter_cfg.c **** 
 143:Generated_Source\PSoC4/cyfitter_cfg.c ****     /* `#END` */
 144:Generated_Source\PSoC4/cyfitter_cfg.c **** 
 145:Generated_Source\PSoC4/cyfitter_cfg.c ****     while(1) {}
ARM GAS  C:\Users\bibiw\AppData\Local\Temp\cchUuLW4.s 			page 4


 146:Generated_Source\PSoC4/cyfitter_cfg.c **** #endif /* CY_CFG_CLOCK_STARTUP_ERROR_CALLBACK */
 147:Generated_Source\PSoC4/cyfitter_cfg.c **** }
 148:Generated_Source\PSoC4/cyfitter_cfg.c **** #endif
 149:Generated_Source\PSoC4/cyfitter_cfg.c **** 
 150:Generated_Source\PSoC4/cyfitter_cfg.c **** #define CY_CFG_BASE_ADDR_COUNT 3u
 151:Generated_Source\PSoC4/cyfitter_cfg.c **** CYPACKED typedef struct
 152:Generated_Source\PSoC4/cyfitter_cfg.c **** {
 153:Generated_Source\PSoC4/cyfitter_cfg.c **** 	uint8 offset;
 154:Generated_Source\PSoC4/cyfitter_cfg.c **** 	uint8 value;
 155:Generated_Source\PSoC4/cyfitter_cfg.c **** } CYPACKED_ATTR cy_cfg_addrvalue_t;
 156:Generated_Source\PSoC4/cyfitter_cfg.c **** 
 157:Generated_Source\PSoC4/cyfitter_cfg.c **** 
 158:Generated_Source\PSoC4/cyfitter_cfg.c **** 
 159:Generated_Source\PSoC4/cyfitter_cfg.c **** /*******************************************************************************
 160:Generated_Source\PSoC4/cyfitter_cfg.c **** * Function Name: cfg_write_bytes32
 161:Generated_Source\PSoC4/cyfitter_cfg.c **** ********************************************************************************
 162:Generated_Source\PSoC4/cyfitter_cfg.c **** * Summary:
 163:Generated_Source\PSoC4/cyfitter_cfg.c **** *  This function is used for setting up the chip configuration areas that
 164:Generated_Source\PSoC4/cyfitter_cfg.c **** *  contain relatively sparse data.
 165:Generated_Source\PSoC4/cyfitter_cfg.c **** *
 166:Generated_Source\PSoC4/cyfitter_cfg.c **** * Parameters:
 167:Generated_Source\PSoC4/cyfitter_cfg.c **** *   void
 168:Generated_Source\PSoC4/cyfitter_cfg.c **** *
 169:Generated_Source\PSoC4/cyfitter_cfg.c **** * Return:
 170:Generated_Source\PSoC4/cyfitter_cfg.c **** *   void
 171:Generated_Source\PSoC4/cyfitter_cfg.c **** *
 172:Generated_Source\PSoC4/cyfitter_cfg.c **** *******************************************************************************/
 173:Generated_Source\PSoC4/cyfitter_cfg.c **** static void cfg_write_bytes32(const uint32 addr_table[], const cy_cfg_addrvalue_t data_table[]);
 174:Generated_Source\PSoC4/cyfitter_cfg.c **** static void cfg_write_bytes32(const uint32 addr_table[], const cy_cfg_addrvalue_t data_table[])
 175:Generated_Source\PSoC4/cyfitter_cfg.c **** {
  27              		.loc 1 175 0
  28              		.cfi_startproc
  29              		@ args = 0, pretend = 0, frame = 0
  30              		@ frame_needed = 0, uses_anonymous_args = 0
  31              	.LVL0:
  32 0000 F0B5     		push	{r4, r5, r6, r7, lr}
  33              		.cfi_def_cfa_offset 20
  34              		.cfi_offset 4, -20
  35              		.cfi_offset 5, -16
  36              		.cfi_offset 6, -12
  37              		.cfi_offset 7, -8
  38              		.cfi_offset 14, -4
  39              	.LVL1:
 176:Generated_Source\PSoC4/cyfitter_cfg.c **** 	/* For 32-bit little-endian architectures */
 177:Generated_Source\PSoC4/cyfitter_cfg.c **** 	uint32 i, j = 0u;
  40              		.loc 1 177 0
  41 0002 0025     		movs	r5, #0
 178:Generated_Source\PSoC4/cyfitter_cfg.c **** 	for (i = 0u; i < CY_CFG_BASE_ADDR_COUNT; i++)
  42              		.loc 1 178 0
  43 0004 0027     		movs	r7, #0
  44 0006 11E0     		b	.L2
  45              	.LVL2:
  46              	.L5:
  47              	.LBB2:
 179:Generated_Source\PSoC4/cyfitter_cfg.c **** 	{
 180:Generated_Source\PSoC4/cyfitter_cfg.c **** 		uint32 baseAddr = addr_table[i];
  48              		.loc 1 180 0
ARM GAS  C:\Users\bibiw\AppData\Local\Temp\cchUuLW4.s 			page 5


  49 0008 BB00     		lsls	r3, r7, #2
  50 000a C658     		ldr	r6, [r0, r3]
  51              	.LVL3:
 181:Generated_Source\PSoC4/cyfitter_cfg.c **** 		uint8 count = (uint8)baseAddr;
  52              		.loc 1 181 0
  53 000c F3B2     		uxtb	r3, r6
  54              	.LVL4:
 182:Generated_Source\PSoC4/cyfitter_cfg.c **** 		baseAddr &= 0xFFFFFF00u;
  55              		.loc 1 182 0
  56 000e FF22     		movs	r2, #255
  57 0010 9643     		bics	r6, r2
  58              	.LVL5:
 183:Generated_Source\PSoC4/cyfitter_cfg.c **** 		while (count != 0u)
  59              		.loc 1 183 0
  60 0012 08E0     		b	.L3
  61              	.L4:
 184:Generated_Source\PSoC4/cyfitter_cfg.c **** 		{
 185:Generated_Source\PSoC4/cyfitter_cfg.c **** 			CY_SET_REG8((void *)(baseAddr + data_table[j].offset), data_table[j].value);
  62              		.loc 1 185 0
  63 0014 6A00     		lsls	r2, r5, #1
  64 0016 8A18     		adds	r2, r1, r2
  65 0018 1478     		ldrb	r4, [r2]
  66 001a A419     		adds	r4, r4, r6
  67 001c 5278     		ldrb	r2, [r2, #1]
  68 001e 2270     		strb	r2, [r4]
 186:Generated_Source\PSoC4/cyfitter_cfg.c **** 			j++;
  69              		.loc 1 186 0
  70 0020 0135     		adds	r5, r5, #1
  71              	.LVL6:
 187:Generated_Source\PSoC4/cyfitter_cfg.c **** 			count--;
  72              		.loc 1 187 0
  73 0022 013B     		subs	r3, r3, #1
  74              	.LVL7:
  75 0024 DBB2     		uxtb	r3, r3
  76              	.LVL8:
  77              	.L3:
 183:Generated_Source\PSoC4/cyfitter_cfg.c **** 		{
  78              		.loc 1 183 0
  79 0026 002B     		cmp	r3, #0
  80 0028 F4D1     		bne	.L4
  81              	.LBE2:
 178:Generated_Source\PSoC4/cyfitter_cfg.c **** 	{
  82              		.loc 1 178 0 discriminator 2
  83 002a 0137     		adds	r7, r7, #1
  84              	.LVL9:
  85              	.L2:
 178:Generated_Source\PSoC4/cyfitter_cfg.c **** 	{
  86              		.loc 1 178 0 is_stmt 0 discriminator 1
  87 002c 022F     		cmp	r7, #2
  88 002e EBD9     		bls	.L5
 188:Generated_Source\PSoC4/cyfitter_cfg.c **** 		}
 189:Generated_Source\PSoC4/cyfitter_cfg.c **** 	}
 190:Generated_Source\PSoC4/cyfitter_cfg.c **** }
  89              		.loc 1 190 0 is_stmt 1
  90              		@ sp needed
  91              	.LVL10:
  92              	.LVL11:
ARM GAS  C:\Users\bibiw\AppData\Local\Temp\cchUuLW4.s 			page 6


  93 0030 F0BD     		pop	{r4, r5, r6, r7, pc}
  94              		.cfi_endproc
  95              	.LFE3:
  96              		.size	cfg_write_bytes32, .-cfg_write_bytes32
  97 0032 C046     		.section	.text.CYMEMZERO,"ax",%progbits
  98              		.align	2
  99              		.code	16
 100              		.thumb_func
 101              		.type	CYMEMZERO, %function
 102              	CYMEMZERO:
 103              	.LFB0:
  77:Generated_Source\PSoC4/cyfitter_cfg.c **** 	(void)memset(s, 0, n);
 104              		.loc 1 77 0
 105              		.cfi_startproc
 106              		@ args = 0, pretend = 0, frame = 0
 107              		@ frame_needed = 0, uses_anonymous_args = 0
 108              	.LVL12:
 109 0000 10B5     		push	{r4, lr}
 110              		.cfi_def_cfa_offset 8
 111              		.cfi_offset 4, -8
 112              		.cfi_offset 14, -4
 113 0002 0A00     		movs	r2, r1
  78:Generated_Source\PSoC4/cyfitter_cfg.c **** }
 114              		.loc 1 78 0
 115 0004 0021     		movs	r1, #0
 116              	.LVL13:
 117 0006 FFF7FEFF 		bl	memset
 118              	.LVL14:
  79:Generated_Source\PSoC4/cyfitter_cfg.c **** CY_CFG_UNUSED
 119              		.loc 1 79 0
 120              		@ sp needed
 121 000a 10BD     		pop	{r4, pc}
 122              		.cfi_endproc
 123              	.LFE0:
 124              		.size	CYMEMZERO, .-CYMEMZERO
 125              		.section	.psocinit,"ax",%progbits
 126              		.align	2
 127              		.code	16
 128              		.thumb_func
 129              		.type	ClockSetup, %function
 130              	ClockSetup:
 131              	.LFB4:
 191:Generated_Source\PSoC4/cyfitter_cfg.c **** 
 192:Generated_Source\PSoC4/cyfitter_cfg.c **** 
 193:Generated_Source\PSoC4/cyfitter_cfg.c **** /*******************************************************************************
 194:Generated_Source\PSoC4/cyfitter_cfg.c **** * Function Name: ClockSetup
 195:Generated_Source\PSoC4/cyfitter_cfg.c **** ********************************************************************************
 196:Generated_Source\PSoC4/cyfitter_cfg.c **** *
 197:Generated_Source\PSoC4/cyfitter_cfg.c **** * Summary:
 198:Generated_Source\PSoC4/cyfitter_cfg.c **** *   Performs the initialization of all of the clocks in the device based on the
 199:Generated_Source\PSoC4/cyfitter_cfg.c **** *   settings in the Clock tab of the DWR.  This includes enabling the requested
 200:Generated_Source\PSoC4/cyfitter_cfg.c **** *   clocks and setting the necessary dividers to produce the desired frequency. 
 201:Generated_Source\PSoC4/cyfitter_cfg.c **** *
 202:Generated_Source\PSoC4/cyfitter_cfg.c **** * Parameters:
 203:Generated_Source\PSoC4/cyfitter_cfg.c **** *   void
 204:Generated_Source\PSoC4/cyfitter_cfg.c **** *
 205:Generated_Source\PSoC4/cyfitter_cfg.c **** * Return:
ARM GAS  C:\Users\bibiw\AppData\Local\Temp\cchUuLW4.s 			page 7


 206:Generated_Source\PSoC4/cyfitter_cfg.c **** *   void
 207:Generated_Source\PSoC4/cyfitter_cfg.c **** *
 208:Generated_Source\PSoC4/cyfitter_cfg.c **** *******************************************************************************/
 209:Generated_Source\PSoC4/cyfitter_cfg.c **** static void ClockSetup(void);
 210:Generated_Source\PSoC4/cyfitter_cfg.c **** CY_CFG_SECTION
 211:Generated_Source\PSoC4/cyfitter_cfg.c **** static void ClockSetup(void)
 212:Generated_Source\PSoC4/cyfitter_cfg.c **** {
 132              		.loc 1 212 0
 133              		.cfi_startproc
 134              		@ args = 0, pretend = 0, frame = 0
 135              		@ frame_needed = 0, uses_anonymous_args = 0
 136 0000 70B5     		push	{r4, r5, r6, lr}
 137              		.cfi_def_cfa_offset 16
 138              		.cfi_offset 4, -16
 139              		.cfi_offset 5, -12
 140              		.cfi_offset 6, -8
 141              		.cfi_offset 14, -4
 213:Generated_Source\PSoC4/cyfitter_cfg.c **** 	/* Enable HALF_EN before trimming for the flash accelerator. */
 214:Generated_Source\PSoC4/cyfitter_cfg.c **** 	CY_SET_REG32((void CYXDATA *)(CYREG_CLK_SELECT), (CY_GET_REG32((void *)CYREG_CLK_SELECT) | 0x00040
 142              		.loc 1 214 0
 143 0002 134C     		ldr	r4, .L8
 144 0004 2368     		ldr	r3, [r4]
 145 0006 8022     		movs	r2, #128
 146 0008 D202     		lsls	r2, r2, #11
 147 000a 1343     		orrs	r3, r2
 148 000c 2360     		str	r3, [r4]
 215:Generated_Source\PSoC4/cyfitter_cfg.c **** 
 216:Generated_Source\PSoC4/cyfitter_cfg.c **** 	/* Setup and trim IMO based on desired frequency. */
 217:Generated_Source\PSoC4/cyfitter_cfg.c **** 	CySysClkWriteImoFreq(24u);
 149              		.loc 1 217 0
 150 000e 1820     		movs	r0, #24
 151 0010 FFF7FEFF 		bl	CySysClkWriteImoFreq
 152              	.LVL15:
 218:Generated_Source\PSoC4/cyfitter_cfg.c **** 
 219:Generated_Source\PSoC4/cyfitter_cfg.c **** 	/* Disable HALF_EN since it is not required at this IMO frequency. */
 220:Generated_Source\PSoC4/cyfitter_cfg.c **** 	CY_SET_REG32((void CYXDATA *)(CYREG_CLK_SELECT), (CY_GET_REG32((void *)CYREG_CLK_SELECT) & 0xFFFBF
 153              		.loc 1 220 0
 154 0014 2268     		ldr	r2, [r4]
 155 0016 0F4B     		ldr	r3, .L8+4
 156 0018 1340     		ands	r3, r2
 157 001a 2360     		str	r3, [r4]
 221:Generated_Source\PSoC4/cyfitter_cfg.c **** 	/* CYDEV_CLK_ILO_CONFIG Starting address: CYDEV_CLK_ILO_CONFIG */
 222:Generated_Source\PSoC4/cyfitter_cfg.c **** 	CY_SET_REG32((void *)(CYREG_CLK_ILO_CONFIG), 0x80000006u);
 158              		.loc 1 222 0
 159 001c 0E4A     		ldr	r2, .L8+8
 160 001e 0F4B     		ldr	r3, .L8+12
 161 0020 1A60     		str	r2, [r3]
 223:Generated_Source\PSoC4/cyfitter_cfg.c **** 
 224:Generated_Source\PSoC4/cyfitter_cfg.c **** 
 225:Generated_Source\PSoC4/cyfitter_cfg.c **** 	/* CYDEV_CLK_SELECT00 Starting address: CYDEV_CLK_SELECT00 */
 226:Generated_Source\PSoC4/cyfitter_cfg.c **** 	CY_SET_REG32((void *)(CYREG_CLK_SELECT08), 0x00000010u);
 162              		.loc 1 226 0
 163 0022 1022     		movs	r2, #16
 164 0024 0E4B     		ldr	r3, .L8+16
 165 0026 1A60     		str	r2, [r3]
 227:Generated_Source\PSoC4/cyfitter_cfg.c **** 
 228:Generated_Source\PSoC4/cyfitter_cfg.c **** 	/* CYDEV_CLK_IMO_CONFIG Starting address: CYDEV_CLK_IMO_CONFIG */
ARM GAS  C:\Users\bibiw\AppData\Local\Temp\cchUuLW4.s 			page 8


 229:Generated_Source\PSoC4/cyfitter_cfg.c **** 	CY_SET_REG32((void *)(CYREG_CLK_IMO_CONFIG), 0x80000000u);
 166              		.loc 1 229 0
 167 0028 8022     		movs	r2, #128
 168 002a 1206     		lsls	r2, r2, #24
 169 002c 0D4B     		ldr	r3, .L8+20
 170 002e 1A60     		str	r2, [r3]
 230:Generated_Source\PSoC4/cyfitter_cfg.c **** 
 231:Generated_Source\PSoC4/cyfitter_cfg.c **** 	/* CYDEV_CLK_SELECT Starting address: CYDEV_CLK_SELECT */
 232:Generated_Source\PSoC4/cyfitter_cfg.c **** 	CY_SET_REG32((void *)(CYREG_CLK_SELECT), 0x00000000u);
 171              		.loc 1 232 0
 172 0030 0025     		movs	r5, #0
 173 0032 2560     		str	r5, [r4]
 233:Generated_Source\PSoC4/cyfitter_cfg.c **** 
 234:Generated_Source\PSoC4/cyfitter_cfg.c **** 	/* CYDEV_CLK_DIVIDER_A00 Starting address: CYDEV_CLK_DIVIDER_A00 */
 235:Generated_Source\PSoC4/cyfitter_cfg.c **** 	CY_SET_REG32((void *)(CYREG_CLK_DIVIDER_A00), 0x80005DBFu);
 174              		.loc 1 235 0
 175 0034 0C4A     		ldr	r2, .L8+24
 176 0036 0D4B     		ldr	r3, .L8+28
 177 0038 1A60     		str	r2, [r3]
 236:Generated_Source\PSoC4/cyfitter_cfg.c **** 
 237:Generated_Source\PSoC4/cyfitter_cfg.c **** 	(void)CyIntSetVector(9u, &CySysWdtIsr);
 178              		.loc 1 237 0
 179 003a 0D49     		ldr	r1, .L8+32
 180 003c 0920     		movs	r0, #9
 181 003e FFF7FEFF 		bl	CyIntSetVector
 182              	.LVL16:
 238:Generated_Source\PSoC4/cyfitter_cfg.c **** 	CyIntEnable(9u);
 183              		.loc 1 238 0
 184 0042 0920     		movs	r0, #9
 185 0044 FFF7FEFF 		bl	CyIntEnable
 186              	.LVL17:
 239:Generated_Source\PSoC4/cyfitter_cfg.c **** 	CY_SET_REG32((void *)(CYREG_WDT_CONFIG), 0x00000000u);
 187              		.loc 1 239 0
 188 0048 0A4B     		ldr	r3, .L8+36
 189 004a 1D60     		str	r5, [r3]
 240:Generated_Source\PSoC4/cyfitter_cfg.c **** }
 190              		.loc 1 240 0
 191              		@ sp needed
 192 004c 70BD     		pop	{r4, r5, r6, pc}
 193              	.L9:
 194 004e C046     		.align	2
 195              	.L8:
 196 0050 00010B40 		.word	1074462976
 197 0054 FFFFFBFF 		.word	-262145
 198 0058 06000080 		.word	-2147483642
 199 005c 04010B40 		.word	1074462980
 200 0060 20020240 		.word	1073873440
 201 0064 08010B40 		.word	1074462984
 202 0068 BF5D0080 		.word	-2147459649
 203 006c 00000240 		.word	1073872896
 204 0070 00000000 		.word	CySysWdtIsr
 205 0074 0C020B40 		.word	1074463244
 206              		.cfi_endproc
 207              	.LFE4:
 208              		.size	ClockSetup, .-ClockSetup
 209              		.align	2
 210              		.global	cyfitter_cfg
ARM GAS  C:\Users\bibiw\AppData\Local\Temp\cchUuLW4.s 			page 9


 211              		.code	16
 212              		.thumb_func
 213              		.type	cyfitter_cfg, %function
 214              	cyfitter_cfg:
 215              	.LFB6:
 241:Generated_Source\PSoC4/cyfitter_cfg.c **** 
 242:Generated_Source\PSoC4/cyfitter_cfg.c **** 
 243:Generated_Source\PSoC4/cyfitter_cfg.c **** /* Analog API Functions */
 244:Generated_Source\PSoC4/cyfitter_cfg.c **** 
 245:Generated_Source\PSoC4/cyfitter_cfg.c **** 
 246:Generated_Source\PSoC4/cyfitter_cfg.c **** /*******************************************************************************
 247:Generated_Source\PSoC4/cyfitter_cfg.c **** * Function Name: AnalogSetDefault
 248:Generated_Source\PSoC4/cyfitter_cfg.c **** ********************************************************************************
 249:Generated_Source\PSoC4/cyfitter_cfg.c **** *
 250:Generated_Source\PSoC4/cyfitter_cfg.c **** * Summary:
 251:Generated_Source\PSoC4/cyfitter_cfg.c **** *  Sets up the analog portions of the chip to default values based on chip
 252:Generated_Source\PSoC4/cyfitter_cfg.c **** *  configuration options from the project.
 253:Generated_Source\PSoC4/cyfitter_cfg.c **** *
 254:Generated_Source\PSoC4/cyfitter_cfg.c **** * Parameters:
 255:Generated_Source\PSoC4/cyfitter_cfg.c **** *  void
 256:Generated_Source\PSoC4/cyfitter_cfg.c **** *
 257:Generated_Source\PSoC4/cyfitter_cfg.c **** * Return:
 258:Generated_Source\PSoC4/cyfitter_cfg.c **** *  void
 259:Generated_Source\PSoC4/cyfitter_cfg.c **** *
 260:Generated_Source\PSoC4/cyfitter_cfg.c **** *******************************************************************************/
 261:Generated_Source\PSoC4/cyfitter_cfg.c **** static void AnalogSetDefault(void);
 262:Generated_Source\PSoC4/cyfitter_cfg.c **** static void AnalogSetDefault(void)
 263:Generated_Source\PSoC4/cyfitter_cfg.c **** {
 264:Generated_Source\PSoC4/cyfitter_cfg.c **** }
 265:Generated_Source\PSoC4/cyfitter_cfg.c **** 
 266:Generated_Source\PSoC4/cyfitter_cfg.c **** 
 267:Generated_Source\PSoC4/cyfitter_cfg.c **** 
 268:Generated_Source\PSoC4/cyfitter_cfg.c **** 
 269:Generated_Source\PSoC4/cyfitter_cfg.c **** /*******************************************************************************
 270:Generated_Source\PSoC4/cyfitter_cfg.c **** * Function Name: cyfitter_cfg
 271:Generated_Source\PSoC4/cyfitter_cfg.c **** ********************************************************************************
 272:Generated_Source\PSoC4/cyfitter_cfg.c **** * Summary:
 273:Generated_Source\PSoC4/cyfitter_cfg.c **** *  This function is called by the start-up code for the selected device. It
 274:Generated_Source\PSoC4/cyfitter_cfg.c **** *  performs all of the necessary device configuration based on the design
 275:Generated_Source\PSoC4/cyfitter_cfg.c **** *  settings.  This includes settings from the Design Wide Resources (DWR) such
 276:Generated_Source\PSoC4/cyfitter_cfg.c **** *  as Clocks and Pins as well as any component configuration that is necessary.
 277:Generated_Source\PSoC4/cyfitter_cfg.c **** *
 278:Generated_Source\PSoC4/cyfitter_cfg.c **** * Parameters:
 279:Generated_Source\PSoC4/cyfitter_cfg.c **** *   void
 280:Generated_Source\PSoC4/cyfitter_cfg.c **** *
 281:Generated_Source\PSoC4/cyfitter_cfg.c **** * Return:
 282:Generated_Source\PSoC4/cyfitter_cfg.c **** *   void
 283:Generated_Source\PSoC4/cyfitter_cfg.c **** *
 284:Generated_Source\PSoC4/cyfitter_cfg.c **** *******************************************************************************/
 285:Generated_Source\PSoC4/cyfitter_cfg.c **** CY_CFG_SECTION
 286:Generated_Source\PSoC4/cyfitter_cfg.c **** void cyfitter_cfg(void)
 287:Generated_Source\PSoC4/cyfitter_cfg.c **** {
 216              		.loc 1 287 0
 217              		.cfi_startproc
 218              		@ args = 0, pretend = 0, frame = 0
 219              		@ frame_needed = 0, uses_anonymous_args = 0
 220 0078 10B5     		push	{r4, lr}
ARM GAS  C:\Users\bibiw\AppData\Local\Temp\cchUuLW4.s 			page 10


 221              		.cfi_def_cfa_offset 8
 222              		.cfi_offset 4, -8
 223              		.cfi_offset 14, -4
 288:Generated_Source\PSoC4/cyfitter_cfg.c **** 	/* Disable interrupts by default. Let user enable if/when they want. */
 289:Generated_Source\PSoC4/cyfitter_cfg.c **** 	CyGlobalIntDisable;
 224              		.loc 1 289 0
 225              		.syntax divided
 226              	@ 289 "Generated_Source\PSoC4\cyfitter_cfg.c" 1
 227 007a 72B6     		CPSID   i
 228              	@ 0 "" 2
 229              	.LVL18:
 230              		.thumb
 231              		.syntax unified
 232              	.LBB3:
 290:Generated_Source\PSoC4/cyfitter_cfg.c **** 
 291:Generated_Source\PSoC4/cyfitter_cfg.c **** 	{
 292:Generated_Source\PSoC4/cyfitter_cfg.c **** 		static const uint32 CYCODE cy_cfg_addr_table[] = {
 293:Generated_Source\PSoC4/cyfitter_cfg.c **** 			0x400F3202u, /* Base address: 0x400F3200 Count: 2 */
 294:Generated_Source\PSoC4/cyfitter_cfg.c **** 			0x400F3307u, /* Base address: 0x400F3300 Count: 7 */
 295:Generated_Source\PSoC4/cyfitter_cfg.c **** 			0x400F410Bu, /* Base address: 0x400F4100 Count: 11 */
 296:Generated_Source\PSoC4/cyfitter_cfg.c **** 		};
 297:Generated_Source\PSoC4/cyfitter_cfg.c **** 
 298:Generated_Source\PSoC4/cyfitter_cfg.c **** 		static const cy_cfg_addrvalue_t CYCODE cy_cfg_data_table[] = {
 299:Generated_Source\PSoC4/cyfitter_cfg.c **** 			{0x5Bu, 0x04u},
 300:Generated_Source\PSoC4/cyfitter_cfg.c **** 			{0x5Fu, 0x01u},
 301:Generated_Source\PSoC4/cyfitter_cfg.c **** 			{0x6Du, 0x08u},
 302:Generated_Source\PSoC4/cyfitter_cfg.c **** 			{0x6Eu, 0x20u},
 303:Generated_Source\PSoC4/cyfitter_cfg.c **** 			{0x6Fu, 0x02u},
 304:Generated_Source\PSoC4/cyfitter_cfg.c **** 			{0x81u, 0x04u},
 305:Generated_Source\PSoC4/cyfitter_cfg.c **** 			{0x86u, 0x10u},
 306:Generated_Source\PSoC4/cyfitter_cfg.c **** 			{0x8Fu, 0x02u},
 307:Generated_Source\PSoC4/cyfitter_cfg.c **** 			{0xE6u, 0x40u},
 308:Generated_Source\PSoC4/cyfitter_cfg.c **** 			{0x5Bu, 0x10u},
 309:Generated_Source\PSoC4/cyfitter_cfg.c **** 			{0x62u, 0x01u},
 310:Generated_Source\PSoC4/cyfitter_cfg.c **** 			{0x63u, 0x02u},
 311:Generated_Source\PSoC4/cyfitter_cfg.c **** 			{0x83u, 0x10u},
 312:Generated_Source\PSoC4/cyfitter_cfg.c **** 			{0x87u, 0x01u},
 313:Generated_Source\PSoC4/cyfitter_cfg.c **** 			{0x8Eu, 0x01u},
 314:Generated_Source\PSoC4/cyfitter_cfg.c **** 			{0xD4u, 0x80u},
 315:Generated_Source\PSoC4/cyfitter_cfg.c **** 			{0xD6u, 0x40u},
 316:Generated_Source\PSoC4/cyfitter_cfg.c **** 			{0xD8u, 0x40u},
 317:Generated_Source\PSoC4/cyfitter_cfg.c **** 			{0xE2u, 0x20u},
 318:Generated_Source\PSoC4/cyfitter_cfg.c **** 			{0xE6u, 0x10u},
 319:Generated_Source\PSoC4/cyfitter_cfg.c **** 		};
 320:Generated_Source\PSoC4/cyfitter_cfg.c **** 
 321:Generated_Source\PSoC4/cyfitter_cfg.c **** 
 322:Generated_Source\PSoC4/cyfitter_cfg.c **** 
 323:Generated_Source\PSoC4/cyfitter_cfg.c **** 		CYPACKED typedef struct {
 324:Generated_Source\PSoC4/cyfitter_cfg.c **** 			void CYFAR *address;
 325:Generated_Source\PSoC4/cyfitter_cfg.c **** 			uint16 size;
 326:Generated_Source\PSoC4/cyfitter_cfg.c **** 		} CYPACKED_ATTR cfg_memset_t;
 327:Generated_Source\PSoC4/cyfitter_cfg.c **** 
 328:Generated_Source\PSoC4/cyfitter_cfg.c **** 		static const cfg_memset_t CYCODE cfg_memset_list[] = {
 329:Generated_Source\PSoC4/cyfitter_cfg.c **** 			/* address, size */
 330:Generated_Source\PSoC4/cyfitter_cfg.c **** 			{(void CYFAR *)(CYDEV_UDB_P0_U0_BASE), 1024u},
 331:Generated_Source\PSoC4/cyfitter_cfg.c **** 			{(void CYFAR *)(CYDEV_UDB_DSI0_BASE), 1024u},
 332:Generated_Source\PSoC4/cyfitter_cfg.c **** 		};
ARM GAS  C:\Users\bibiw\AppData\Local\Temp\cchUuLW4.s 			page 11


 333:Generated_Source\PSoC4/cyfitter_cfg.c **** 
 334:Generated_Source\PSoC4/cyfitter_cfg.c **** 		uint8 CYDATA i;
 335:Generated_Source\PSoC4/cyfitter_cfg.c **** 
 336:Generated_Source\PSoC4/cyfitter_cfg.c **** 		/* Zero out critical memory blocks before beginning configuration */
 337:Generated_Source\PSoC4/cyfitter_cfg.c **** 		for (i = 0u; i < (sizeof(cfg_memset_list)/sizeof(cfg_memset_list[0])); i++)
 233              		.loc 1 337 0
 234 007c 0024     		movs	r4, #0
 235 007e 0FE0     		b	.L11
 236              	.LVL19:
 237              	.L12:
 238              	.LBB4:
 338:Generated_Source\PSoC4/cyfitter_cfg.c **** 		{
 339:Generated_Source\PSoC4/cyfitter_cfg.c **** 			const cfg_memset_t CYCODE * CYDATA ms = &cfg_memset_list[i];
 340:Generated_Source\PSoC4/cyfitter_cfg.c **** 			CYMEMZERO(ms->address, (size_t)(uint32)(ms->size));
 239              		.loc 1 340 0 discriminator 3
 240 0080 2848     		ldr	r0, .L13
 241 0082 6200     		lsls	r2, r4, #1
 242 0084 1319     		adds	r3, r2, r4
 243 0086 5900     		lsls	r1, r3, #1
 244 0088 0B00     		movs	r3, r1
 245 008a 4118     		adds	r1, r0, r1
 246 008c 8988     		ldrh	r1, [r1, #4]
 247 008e 1A5A     		ldrh	r2, [r3, r0]
 248 0090 C318     		adds	r3, r0, r3
 249 0092 5888     		ldrh	r0, [r3, #2]
 250 0094 0004     		lsls	r0, r0, #16
 251 0096 1043     		orrs	r0, r2
 252 0098 FFF7FEFF 		bl	CYMEMZERO
 253              	.LVL20:
 254              	.LBE4:
 337:Generated_Source\PSoC4/cyfitter_cfg.c **** 		{
 255              		.loc 1 337 0 discriminator 3
 256 009c 0134     		adds	r4, r4, #1
 257              	.LVL21:
 258 009e E4B2     		uxtb	r4, r4
 259              	.LVL22:
 260              	.L11:
 337:Generated_Source\PSoC4/cyfitter_cfg.c **** 		{
 261              		.loc 1 337 0 is_stmt 0 discriminator 1
 262 00a0 012C     		cmp	r4, #1
 263 00a2 EDD9     		bls	.L12
 341:Generated_Source\PSoC4/cyfitter_cfg.c **** 		}
 342:Generated_Source\PSoC4/cyfitter_cfg.c **** 
 343:Generated_Source\PSoC4/cyfitter_cfg.c **** 		cfg_write_bytes32(cy_cfg_addr_table, cy_cfg_data_table);
 264              		.loc 1 343 0 is_stmt 1
 265 00a4 1F48     		ldr	r0, .L13
 266 00a6 0100     		movs	r1, r0
 267 00a8 0C31     		adds	r1, r1, #12
 268 00aa 3430     		adds	r0, r0, #52
 269 00ac FFF7FEFF 		bl	cfg_write_bytes32
 270              	.LVL23:
 344:Generated_Source\PSoC4/cyfitter_cfg.c **** 
 345:Generated_Source\PSoC4/cyfitter_cfg.c **** 		/* HSIOM Starting address: CYDEV_HSIOM_BASE */
 346:Generated_Source\PSoC4/cyfitter_cfg.c **** 		CY_SET_REG32((void *)(CYREG_HSIOM_PORT_SEL1), 0x00333000u);
 271              		.loc 1 346 0
 272 00b0 1D4A     		ldr	r2, .L13+4
 273 00b2 1E4B     		ldr	r3, .L13+8
ARM GAS  C:\Users\bibiw\AppData\Local\Temp\cchUuLW4.s 			page 12


 274 00b4 1A60     		str	r2, [r3]
 347:Generated_Source\PSoC4/cyfitter_cfg.c **** 		CY_SET_REG32((void *)(CYREG_HSIOM_PORT_SEL3), 0x0000EE00u);
 275              		.loc 1 347 0
 276 00b6 EE22     		movs	r2, #238
 277 00b8 1202     		lsls	r2, r2, #8
 278 00ba 1D4B     		ldr	r3, .L13+12
 279 00bc 1A60     		str	r2, [r3]
 348:Generated_Source\PSoC4/cyfitter_cfg.c **** 
 349:Generated_Source\PSoC4/cyfitter_cfg.c **** 		/* UDB_PA_0 Starting address: CYDEV_UDB_PA0_BASE */
 350:Generated_Source\PSoC4/cyfitter_cfg.c **** 		CY_SET_REG32((void *)(CYDEV_UDB_PA0_BASE), 0x00990000u);
 280              		.loc 1 350 0
 281 00be 9923     		movs	r3, #153
 282 00c0 1B04     		lsls	r3, r3, #16
 283 00c2 1C4A     		ldr	r2, .L13+16
 284 00c4 1360     		str	r3, [r2]
 351:Generated_Source\PSoC4/cyfitter_cfg.c **** 
 352:Generated_Source\PSoC4/cyfitter_cfg.c **** 		/* UDB_PA_1 Starting address: CYDEV_UDB_PA1_BASE */
 353:Generated_Source\PSoC4/cyfitter_cfg.c **** 		CY_SET_REG32((void *)(CYDEV_UDB_PA1_BASE), 0x00990000u);
 285              		.loc 1 353 0
 286 00c6 1C4A     		ldr	r2, .L13+20
 287 00c8 1360     		str	r3, [r2]
 354:Generated_Source\PSoC4/cyfitter_cfg.c **** 		CY_SET_REG32((void *)(CYREG_UDB_PA1_CFG8), 0x58800000u);
 288              		.loc 1 354 0
 289 00ca B121     		movs	r1, #177
 290 00cc C905     		lsls	r1, r1, #23
 291 00ce 1B4A     		ldr	r2, .L13+24
 292 00d0 1160     		str	r1, [r2]
 355:Generated_Source\PSoC4/cyfitter_cfg.c **** 
 356:Generated_Source\PSoC4/cyfitter_cfg.c **** 		/* UDB_PA_3 Starting address: CYDEV_UDB_PA3_BASE */
 357:Generated_Source\PSoC4/cyfitter_cfg.c **** 		CY_SET_REG32((void *)(CYDEV_UDB_PA3_BASE), 0x00990000u);
 293              		.loc 1 357 0
 294 00d2 1B4A     		ldr	r2, .L13+28
 295 00d4 1360     		str	r3, [r2]
 358:Generated_Source\PSoC4/cyfitter_cfg.c **** 
 359:Generated_Source\PSoC4/cyfitter_cfg.c **** 		/* Enable UDB array and digital routing */
 360:Generated_Source\PSoC4/cyfitter_cfg.c **** 		CY_SET_XTND_REG8((void *)CYREG_UDB_UDBIF_WAIT_CFG, (uint8)((CY_GET_XTND_REG8((void *)CYREG_UDB_UD
 296              		.loc 1 360 0
 297 00d6 1B49     		ldr	r1, .L13+32
 298 00d8 0B78     		ldrb	r3, [r1]
 299 00da 3C22     		movs	r2, #60
 300 00dc 9343     		bics	r3, r2
 301 00de 1422     		movs	r2, #20
 302 00e0 1343     		orrs	r3, r2
 303 00e2 DBB2     		uxtb	r3, r3
 304 00e4 0B70     		strb	r3, [r1]
 361:Generated_Source\PSoC4/cyfitter_cfg.c **** 		CY_SET_XTND_REG8((void *)CYREG_UDB_UDBIF_BANK_CTL, (uint8)(CY_GET_XTND_REG8((void *)CYREG_UDB_UDB
 305              		.loc 1 361 0
 306 00e6 184A     		ldr	r2, .L13+36
 307 00e8 1178     		ldrb	r1, [r2]
 308 00ea 1623     		movs	r3, #22
 309 00ec 0B43     		orrs	r3, r1
 310 00ee DBB2     		uxtb	r3, r3
 311 00f0 1370     		strb	r3, [r2]
 312              	.LBE3:
 362:Generated_Source\PSoC4/cyfitter_cfg.c **** 	}
 363:Generated_Source\PSoC4/cyfitter_cfg.c **** 
 364:Generated_Source\PSoC4/cyfitter_cfg.c **** 	/* Perform second pass device configuration. These items must be configured in specific order afte
ARM GAS  C:\Users\bibiw\AppData\Local\Temp\cchUuLW4.s 			page 13


 365:Generated_Source\PSoC4/cyfitter_cfg.c **** 	/* IOPINS0_0 Starting address: CYDEV_PRT0_BASE */
 366:Generated_Source\PSoC4/cyfitter_cfg.c **** 	CY_SET_REG32((void *)(CYDEV_PRT0_BASE), 0x00000080u);
 313              		.loc 1 366 0
 314 00f2 8022     		movs	r2, #128
 315 00f4 154B     		ldr	r3, .L13+40
 316 00f6 1A60     		str	r2, [r3]
 367:Generated_Source\PSoC4/cyfitter_cfg.c **** 	CY_SET_REG32((void *)(CYREG_PRT0_PC), 0x00400000u);
 317              		.loc 1 367 0
 318 00f8 8022     		movs	r2, #128
 319 00fa D203     		lsls	r2, r2, #15
 320 00fc 144B     		ldr	r3, .L13+44
 321 00fe 1A60     		str	r2, [r3]
 368:Generated_Source\PSoC4/cyfitter_cfg.c **** 	CY_SET_REG32((void *)(CYREG_PRT0_INTCFG), 0x00008000u);
 322              		.loc 1 368 0
 323 0100 8022     		movs	r2, #128
 324 0102 1202     		lsls	r2, r2, #8
 325 0104 134B     		ldr	r3, .L13+48
 326 0106 1A60     		str	r2, [r3]
 369:Generated_Source\PSoC4/cyfitter_cfg.c **** 
 370:Generated_Source\PSoC4/cyfitter_cfg.c **** 	/* IOPINS0_1 Starting address: CYDEV_PRT1_BASE */
 371:Generated_Source\PSoC4/cyfitter_cfg.c **** 	CY_SET_REG32((void *)(CYDEV_PRT1_BASE), 0x00000038u);
 327              		.loc 1 371 0
 328 0108 3822     		movs	r2, #56
 329 010a 134B     		ldr	r3, .L13+52
 330 010c 1A60     		str	r2, [r3]
 372:Generated_Source\PSoC4/cyfitter_cfg.c **** 	CY_SET_REG32((void *)(CYREG_PRT1_PC), 0x00036C00u);
 331              		.loc 1 372 0
 332 010e DB22     		movs	r2, #219
 333 0110 9202     		lsls	r2, r2, #10
 334 0112 124B     		ldr	r3, .L13+56
 335 0114 1A60     		str	r2, [r3]
 373:Generated_Source\PSoC4/cyfitter_cfg.c **** 
 374:Generated_Source\PSoC4/cyfitter_cfg.c **** 	/* IOPINS0_3 Starting address: CYDEV_PRT3_BASE */
 375:Generated_Source\PSoC4/cyfitter_cfg.c **** 	CY_SET_REG32((void *)(CYREG_PRT3_PC), 0x00000D80u);
 336              		.loc 1 375 0
 337 0116 D822     		movs	r2, #216
 338 0118 1201     		lsls	r2, r2, #4
 339 011a 114B     		ldr	r3, .L13+60
 340 011c 1A60     		str	r2, [r3]
 376:Generated_Source\PSoC4/cyfitter_cfg.c **** 
 377:Generated_Source\PSoC4/cyfitter_cfg.c **** 
 378:Generated_Source\PSoC4/cyfitter_cfg.c **** 	/* Setup clocks based on selections from Clock DWR */
 379:Generated_Source\PSoC4/cyfitter_cfg.c **** 	ClockSetup();
 341              		.loc 1 379 0
 342 011e FFF76FFF 		bl	ClockSetup
 343              	.LVL24:
 380:Generated_Source\PSoC4/cyfitter_cfg.c **** 
 381:Generated_Source\PSoC4/cyfitter_cfg.c **** 	/* Perform basic analog initialization to defaults */
 382:Generated_Source\PSoC4/cyfitter_cfg.c **** 	AnalogSetDefault();
 383:Generated_Source\PSoC4/cyfitter_cfg.c **** 
 384:Generated_Source\PSoC4/cyfitter_cfg.c **** }
 344              		.loc 1 384 0
 345              		@ sp needed
 346              	.LVL25:
 347 0122 10BD     		pop	{r4, pc}
 348              	.L14:
 349              		.align	2
ARM GAS  C:\Users\bibiw\AppData\Local\Temp\cchUuLW4.s 			page 14


 350              	.L13:
 351 0124 00000000 		.word	.LANCHOR0
 352 0128 00303300 		.word	3354624
 353 012c 04000140 		.word	1073807364
 354 0130 0C000140 		.word	1073807372
 355 0134 00500F40 		.word	1074745344
 356 0138 10500F40 		.word	1074745360
 357 013c 18500F40 		.word	1074745368
 358 0140 30500F40 		.word	1074745392
 359 0144 01700F40 		.word	1074753537
 360 0148 00700F40 		.word	1074753536
 361 014c 00000440 		.word	1074003968
 362 0150 08000440 		.word	1074003976
 363 0154 0C000440 		.word	1074003980
 364 0158 00010440 		.word	1074004224
 365 015c 08010440 		.word	1074004232
 366 0160 08030440 		.word	1074004744
 367              		.cfi_endproc
 368              	.LFE6:
 369              		.size	cyfitter_cfg, .-cyfitter_cfg
 370              		.section	.rodata
 371              		.align	2
 372              		.set	.LANCHOR0,. + 0
 373              		.type	cfg_memset_list.4870, %object
 374              		.size	cfg_memset_list.4870, 12
 375              	cfg_memset_list.4870:
 376 0000 00300F40 		.word	1074737152
 377 0004 0004     		.short	1024
 378 0006 00400F40 		.4byte	1074741248
 379 000a 0004     		.short	1024
 380              		.type	cy_cfg_data_table.4865, %object
 381              		.size	cy_cfg_data_table.4865, 40
 382              	cy_cfg_data_table.4865:
 383 000c 5B       		.byte	91
 384 000d 04       		.byte	4
 385 000e 5F       		.byte	95
 386 000f 01       		.byte	1
 387 0010 6D       		.byte	109
 388 0011 08       		.byte	8
 389 0012 6E       		.byte	110
 390 0013 20       		.byte	32
 391 0014 6F       		.byte	111
 392 0015 02       		.byte	2
 393 0016 81       		.byte	-127
 394 0017 04       		.byte	4
 395 0018 86       		.byte	-122
 396 0019 10       		.byte	16
 397 001a 8F       		.byte	-113
 398 001b 02       		.byte	2
 399 001c E6       		.byte	-26
 400 001d 40       		.byte	64
 401 001e 5B       		.byte	91
 402 001f 10       		.byte	16
 403 0020 62       		.byte	98
 404 0021 01       		.byte	1
 405 0022 63       		.byte	99
 406 0023 02       		.byte	2
ARM GAS  C:\Users\bibiw\AppData\Local\Temp\cchUuLW4.s 			page 15


 407 0024 83       		.byte	-125
 408 0025 10       		.byte	16
 409 0026 87       		.byte	-121
 410 0027 01       		.byte	1
 411 0028 8E       		.byte	-114
 412 0029 01       		.byte	1
 413 002a D4       		.byte	-44
 414 002b 80       		.byte	-128
 415 002c D6       		.byte	-42
 416 002d 40       		.byte	64
 417 002e D8       		.byte	-40
 418 002f 40       		.byte	64
 419 0030 E2       		.byte	-30
 420 0031 20       		.byte	32
 421 0032 E6       		.byte	-26
 422 0033 10       		.byte	16
 423              		.type	cy_cfg_addr_table.4864, %object
 424              		.size	cy_cfg_addr_table.4864, 12
 425              	cy_cfg_addr_table.4864:
 426 0034 02320F40 		.word	1074737666
 427 0038 07330F40 		.word	1074737927
 428 003c 0B410F40 		.word	1074741515
 429              		.text
 430              	.Letext0:
 431              		.file 2 "c:\\program files (x86)\\cypress\\psoc creator\\4.4\\psoc creator\\import\\gnu\\arm\\5.4.
 432              		.file 3 "Generated_Source\\PSoC4\\cytypes.h"
 433              		.file 4 "Generated_Source\\PSoC4\\CyLib.h"
 434              		.section	.debug_info,"",%progbits
 435              	.Ldebug_info0:
 436 0000 9C030000 		.4byte	0x39c
 437 0004 0400     		.2byte	0x4
 438 0006 00000000 		.4byte	.Ldebug_abbrev0
 439 000a 04       		.byte	0x4
 440 000b 01       		.uleb128 0x1
 441 000c 30010000 		.4byte	.LASF39
 442 0010 0C       		.byte	0xc
 443 0011 93020000 		.4byte	.LASF40
 444 0015 3C020000 		.4byte	.LASF41
 445 0019 00000000 		.4byte	.Ldebug_ranges0+0
 446 001d 00000000 		.4byte	0
 447 0021 00000000 		.4byte	.Ldebug_line0
 448 0025 02       		.uleb128 0x2
 449 0026 04       		.byte	0x4
 450 0027 05       		.byte	0x5
 451 0028 696E7400 		.ascii	"int\000"
 452 002c 03       		.uleb128 0x3
 453 002d 06000000 		.4byte	.LASF12
 454 0031 02       		.byte	0x2
 455 0032 D8       		.byte	0xd8
 456 0033 37000000 		.4byte	0x37
 457 0037 04       		.uleb128 0x4
 458 0038 04       		.byte	0x4
 459 0039 07       		.byte	0x7
 460 003a F7000000 		.4byte	.LASF0
 461 003e 04       		.uleb128 0x4
 462 003f 08       		.byte	0x8
 463 0040 05       		.byte	0x5
ARM GAS  C:\Users\bibiw\AppData\Local\Temp\cchUuLW4.s 			page 16


 464 0041 F0010000 		.4byte	.LASF1
 465 0045 04       		.uleb128 0x4
 466 0046 08       		.byte	0x8
 467 0047 04       		.byte	0x4
 468 0048 7B020000 		.4byte	.LASF2
 469 004c 04       		.uleb128 0x4
 470 004d 01       		.byte	0x1
 471 004e 06       		.byte	0x6
 472 004f 87020000 		.4byte	.LASF3
 473 0053 04       		.uleb128 0x4
 474 0054 01       		.byte	0x1
 475 0055 08       		.byte	0x8
 476 0056 99000000 		.4byte	.LASF4
 477 005a 04       		.uleb128 0x4
 478 005b 02       		.byte	0x2
 479 005c 05       		.byte	0x5
 480 005d 1D020000 		.4byte	.LASF5
 481 0061 04       		.uleb128 0x4
 482 0062 02       		.byte	0x2
 483 0063 07       		.byte	0x7
 484 0064 DD010000 		.4byte	.LASF6
 485 0068 04       		.uleb128 0x4
 486 0069 04       		.byte	0x4
 487 006a 05       		.byte	0x5
 488 006b 72020000 		.4byte	.LASF7
 489 006f 04       		.uleb128 0x4
 490 0070 04       		.byte	0x4
 491 0071 07       		.byte	0x7
 492 0072 77000000 		.4byte	.LASF8
 493 0076 04       		.uleb128 0x4
 494 0077 08       		.byte	0x8
 495 0078 07       		.byte	0x7
 496 0079 19010000 		.4byte	.LASF9
 497 007d 04       		.uleb128 0x4
 498 007e 04       		.byte	0x4
 499 007f 07       		.byte	0x7
 500 0080 D4010000 		.4byte	.LASF10
 501 0084 05       		.uleb128 0x5
 502 0085 04       		.byte	0x4
 503 0086 04       		.uleb128 0x4
 504 0087 01       		.byte	0x1
 505 0088 08       		.byte	0x8
 506 0089 FE010000 		.4byte	.LASF11
 507 008d 06       		.uleb128 0x6
 508 008e 89000000 		.4byte	.LASF13
 509 0092 03       		.byte	0x3
 510 0093 FB01     		.2byte	0x1fb
 511 0095 53000000 		.4byte	0x53
 512 0099 06       		.uleb128 0x6
 513 009a DE000000 		.4byte	.LASF14
 514 009e 03       		.byte	0x3
 515 009f FC01     		.2byte	0x1fc
 516 00a1 61000000 		.4byte	0x61
 517 00a5 06       		.uleb128 0x6
 518 00a6 F0000000 		.4byte	.LASF15
 519 00aa 03       		.byte	0x3
 520 00ab FD01     		.2byte	0x1fd
ARM GAS  C:\Users\bibiw\AppData\Local\Temp\cchUuLW4.s 			page 17


 521 00ad 6F000000 		.4byte	0x6f
 522 00b1 04       		.uleb128 0x4
 523 00b2 04       		.byte	0x4
 524 00b3 04       		.byte	0x4
 525 00b4 57000000 		.4byte	.LASF16
 526 00b8 04       		.uleb128 0x4
 527 00b9 08       		.byte	0x8
 528 00ba 04       		.byte	0x4
 529 00bb AE000000 		.4byte	.LASF17
 530 00bf 06       		.uleb128 0x6
 531 00c0 72000000 		.4byte	.LASF18
 532 00c4 03       		.byte	0x3
 533 00c5 A502     		.2byte	0x2a5
 534 00c7 CB000000 		.4byte	0xcb
 535 00cb 07       		.uleb128 0x7
 536 00cc 8D000000 		.4byte	0x8d
 537 00d0 06       		.uleb128 0x6
 538 00d1 00000000 		.4byte	.LASF19
 539 00d5 03       		.byte	0x3
 540 00d6 A702     		.2byte	0x2a7
 541 00d8 DC000000 		.4byte	0xdc
 542 00dc 07       		.uleb128 0x7
 543 00dd A5000000 		.4byte	0xa5
 544 00e1 08       		.uleb128 0x8
 545 00e2 02       		.byte	0x2
 546 00e3 01       		.byte	0x1
 547 00e4 97       		.byte	0x97
 548 00e5 02010000 		.4byte	0x102
 549 00e9 09       		.uleb128 0x9
 550 00ea 16020000 		.4byte	.LASF20
 551 00ee 01       		.byte	0x1
 552 00ef 99       		.byte	0x99
 553 00f0 8D000000 		.4byte	0x8d
 554 00f4 00       		.byte	0
 555 00f5 09       		.uleb128 0x9
 556 00f6 1C000000 		.4byte	.LASF21
 557 00fa 01       		.byte	0x1
 558 00fb 9A       		.byte	0x9a
 559 00fc 8D000000 		.4byte	0x8d
 560 0100 01       		.byte	0x1
 561 0101 00       		.byte	0
 562 0102 03       		.uleb128 0x3
 563 0103 03020000 		.4byte	.LASF22
 564 0107 01       		.byte	0x1
 565 0108 9B       		.byte	0x9b
 566 0109 E1000000 		.4byte	0xe1
 567 010d 0A       		.uleb128 0xa
 568 010e B5000000 		.4byte	.LASF27
 569 0112 01       		.byte	0x1
 570 0113 AE       		.byte	0xae
 571 0114 00000000 		.4byte	.LFB3
 572 0118 32000000 		.4byte	.LFE3-.LFB3
 573 011c 01       		.uleb128 0x1
 574 011d 9C       		.byte	0x9c
 575 011e 7F010000 		.4byte	0x17f
 576 0122 0B       		.uleb128 0xb
 577 0123 D3000000 		.4byte	.LASF23
ARM GAS  C:\Users\bibiw\AppData\Local\Temp\cchUuLW4.s 			page 18


 578 0127 01       		.byte	0x1
 579 0128 AE       		.byte	0xae
 580 0129 7F010000 		.4byte	0x17f
 581 012d 01       		.uleb128 0x1
 582 012e 50       		.byte	0x50
 583 012f 0B       		.uleb128 0xb
 584 0130 E5000000 		.4byte	.LASF24
 585 0134 01       		.byte	0x1
 586 0135 AE       		.byte	0xae
 587 0136 8A010000 		.4byte	0x18a
 588 013a 01       		.uleb128 0x1
 589 013b 51       		.byte	0x51
 590 013c 0C       		.uleb128 0xc
 591 013d 6900     		.ascii	"i\000"
 592 013f 01       		.byte	0x1
 593 0140 B1       		.byte	0xb1
 594 0141 A5000000 		.4byte	0xa5
 595 0145 00000000 		.4byte	.LLST0
 596 0149 0C       		.uleb128 0xc
 597 014a 6A00     		.ascii	"j\000"
 598 014c 01       		.byte	0x1
 599 014d B1       		.byte	0xb1
 600 014e A5000000 		.4byte	0xa5
 601 0152 1F000000 		.4byte	.LLST1
 602 0156 0D       		.uleb128 0xd
 603 0157 08000000 		.4byte	.LBB2
 604 015b 22000000 		.4byte	.LBE2-.LBB2
 605 015f 0E       		.uleb128 0xe
 606 0160 CB010000 		.4byte	.LASF25
 607 0164 01       		.byte	0x1
 608 0165 B4       		.byte	0xb4
 609 0166 A5000000 		.4byte	0xa5
 610 016a 3E000000 		.4byte	.LLST2
 611 016e 0E       		.uleb128 0xe
 612 016f 22000000 		.4byte	.LASF26
 613 0173 01       		.byte	0x1
 614 0174 B5       		.byte	0xb5
 615 0175 8D000000 		.4byte	0x8d
 616 0179 51000000 		.4byte	.LLST3
 617 017d 00       		.byte	0
 618 017e 00       		.byte	0
 619 017f 0F       		.uleb128 0xf
 620 0180 04       		.byte	0x4
 621 0181 85010000 		.4byte	0x185
 622 0185 10       		.uleb128 0x10
 623 0186 A5000000 		.4byte	0xa5
 624 018a 0F       		.uleb128 0xf
 625 018b 04       		.byte	0x4
 626 018c 90010000 		.4byte	0x190
 627 0190 10       		.uleb128 0x10
 628 0191 02010000 		.4byte	0x102
 629 0195 0A       		.uleb128 0xa
 630 0196 8F000000 		.4byte	.LASF28
 631 019a 01       		.byte	0x1
 632 019b 4C       		.byte	0x4c
 633 019c 00000000 		.4byte	.LFB0
 634 01a0 0C000000 		.4byte	.LFE0-.LFB0
ARM GAS  C:\Users\bibiw\AppData\Local\Temp\cchUuLW4.s 			page 19


 635 01a4 01       		.uleb128 0x1
 636 01a5 9C       		.byte	0x9c
 637 01a6 E2010000 		.4byte	0x1e2
 638 01aa 11       		.uleb128 0x11
 639 01ab 7300     		.ascii	"s\000"
 640 01ad 01       		.byte	0x1
 641 01ae 4C       		.byte	0x4c
 642 01af 84000000 		.4byte	0x84
 643 01b3 6F000000 		.4byte	.LLST4
 644 01b7 11       		.uleb128 0x11
 645 01b8 6E00     		.ascii	"n\000"
 646 01ba 01       		.byte	0x1
 647 01bb 4C       		.byte	0x4c
 648 01bc 2C000000 		.4byte	0x2c
 649 01c0 90000000 		.4byte	.LLST5
 650 01c4 12       		.uleb128 0x12
 651 01c5 0A000000 		.4byte	.LVL14
 652 01c9 75030000 		.4byte	0x375
 653 01cd 13       		.uleb128 0x13
 654 01ce 01       		.uleb128 0x1
 655 01cf 50       		.byte	0x50
 656 01d0 03       		.uleb128 0x3
 657 01d1 F3       		.byte	0xf3
 658 01d2 01       		.uleb128 0x1
 659 01d3 50       		.byte	0x50
 660 01d4 13       		.uleb128 0x13
 661 01d5 01       		.uleb128 0x1
 662 01d6 51       		.byte	0x51
 663 01d7 01       		.uleb128 0x1
 664 01d8 30       		.byte	0x30
 665 01d9 13       		.uleb128 0x13
 666 01da 01       		.uleb128 0x1
 667 01db 52       		.byte	0x52
 668 01dc 03       		.uleb128 0x3
 669 01dd F3       		.byte	0xf3
 670 01de 01       		.uleb128 0x1
 671 01df 51       		.byte	0x51
 672 01e0 00       		.byte	0
 673 01e1 00       		.byte	0
 674 01e2 0A       		.uleb128 0xa
 675 01e3 28000000 		.4byte	.LASF29
 676 01e7 01       		.byte	0x1
 677 01e8 D3       		.byte	0xd3
 678 01e9 00000000 		.4byte	.LFB4
 679 01ed 78000000 		.4byte	.LFE4-.LFB4
 680 01f1 01       		.uleb128 0x1
 681 01f2 9C       		.byte	0x9c
 682 01f3 2D020000 		.4byte	0x22d
 683 01f7 14       		.uleb128 0x14
 684 01f8 14000000 		.4byte	.LVL15
 685 01fc 7E030000 		.4byte	0x37e
 686 0200 0A020000 		.4byte	0x20a
 687 0204 13       		.uleb128 0x13
 688 0205 01       		.uleb128 0x1
 689 0206 50       		.byte	0x50
 690 0207 01       		.uleb128 0x1
 691 0208 48       		.byte	0x48
ARM GAS  C:\Users\bibiw\AppData\Local\Temp\cchUuLW4.s 			page 20


 692 0209 00       		.byte	0
 693 020a 14       		.uleb128 0x14
 694 020b 42000000 		.4byte	.LVL16
 695 020f 89030000 		.4byte	0x389
 696 0213 1D020000 		.4byte	0x21d
 697 0217 13       		.uleb128 0x13
 698 0218 01       		.uleb128 0x1
 699 0219 50       		.byte	0x50
 700 021a 01       		.uleb128 0x1
 701 021b 39       		.byte	0x39
 702 021c 00       		.byte	0
 703 021d 12       		.uleb128 0x12
 704 021e 48000000 		.4byte	.LVL17
 705 0222 94030000 		.4byte	0x394
 706 0226 13       		.uleb128 0x13
 707 0227 01       		.uleb128 0x1
 708 0228 50       		.byte	0x50
 709 0229 01       		.uleb128 0x1
 710 022a 39       		.byte	0x39
 711 022b 00       		.byte	0
 712 022c 00       		.byte	0
 713 022d 15       		.uleb128 0x15
 714 022e 04010000 		.4byte	.LASF42
 715 0232 01       		.byte	0x1
 716 0233 1E01     		.2byte	0x11e
 717 0235 78000000 		.4byte	.LFB6
 718 0239 EC000000 		.4byte	.LFE6-.LFB6
 719 023d 01       		.uleb128 0x1
 720 023e 9C       		.byte	0x9c
 721 023f 4B030000 		.4byte	0x34b
 722 0243 16       		.uleb128 0x16
 723 0244 7C000000 		.4byte	.LBB3
 724 0248 76000000 		.4byte	.LBE3-.LBB3
 725 024c 41030000 		.4byte	0x341
 726 0250 17       		.uleb128 0x17
 727 0251 33000000 		.4byte	.LASF30
 728 0255 01       		.byte	0x1
 729 0256 2401     		.2byte	0x124
 730 0258 5B030000 		.4byte	0x35b
 731 025c 05       		.uleb128 0x5
 732 025d 03       		.byte	0x3
 733 025e 34000000 		.4byte	cy_cfg_addr_table.4864
 734 0262 17       		.uleb128 0x17
 735 0263 45000000 		.4byte	.LASF31
 736 0267 01       		.byte	0x1
 737 0268 2A01     		.2byte	0x12a
 738 026a 70030000 		.4byte	0x370
 739 026e 05       		.uleb128 0x5
 740 026f 03       		.byte	0x3
 741 0270 0C000000 		.4byte	cy_cfg_data_table.4865
 742 0274 18       		.uleb128 0x18
 743 0275 06       		.byte	0x6
 744 0276 01       		.byte	0x1
 745 0277 4301     		.2byte	0x143
 746 0279 98020000 		.4byte	0x298
 747 027d 19       		.uleb128 0x19
 748 027e 11010000 		.4byte	.LASF32
ARM GAS  C:\Users\bibiw\AppData\Local\Temp\cchUuLW4.s 			page 21


 749 0282 01       		.byte	0x1
 750 0283 4401     		.2byte	0x144
 751 0285 84000000 		.4byte	0x84
 752 0289 00       		.byte	0
 753 028a 19       		.uleb128 0x19
 754 028b 6D000000 		.4byte	.LASF33
 755 028f 01       		.byte	0x1
 756 0290 4501     		.2byte	0x145
 757 0292 99000000 		.4byte	0x99
 758 0296 04       		.byte	0x4
 759 0297 00       		.byte	0
 760 0298 06       		.uleb128 0x6
 761 0299 BE010000 		.4byte	.LASF34
 762 029d 01       		.byte	0x1
 763 029e 4601     		.2byte	0x146
 764 02a0 74020000 		.4byte	0x274
 765 02a4 1A       		.uleb128 0x1a
 766 02a5 B4020000 		.4byte	0x2b4
 767 02a9 B4020000 		.4byte	0x2b4
 768 02ad 1B       		.uleb128 0x1b
 769 02ae 7D000000 		.4byte	0x7d
 770 02b2 01       		.byte	0x1
 771 02b3 00       		.byte	0
 772 02b4 10       		.uleb128 0x10
 773 02b5 98020000 		.4byte	0x298
 774 02b9 17       		.uleb128 0x17
 775 02ba 5D000000 		.4byte	.LASF35
 776 02be 01       		.byte	0x1
 777 02bf 4801     		.2byte	0x148
 778 02c1 CB020000 		.4byte	0x2cb
 779 02c5 05       		.uleb128 0x5
 780 02c6 03       		.byte	0x3
 781 02c7 00000000 		.4byte	cfg_memset_list.4870
 782 02cb 10       		.uleb128 0x10
 783 02cc A4020000 		.4byte	0x2a4
 784 02d0 1C       		.uleb128 0x1c
 785 02d1 6900     		.ascii	"i\000"
 786 02d3 01       		.byte	0x1
 787 02d4 4E01     		.2byte	0x14e
 788 02d6 8D000000 		.4byte	0x8d
 789 02da BC000000 		.4byte	.LLST6
 790 02de 16       		.uleb128 0x16
 791 02df 80000000 		.4byte	.LBB4
 792 02e3 1C000000 		.4byte	.LBE4-.LBB4
 793 02e7 24030000 		.4byte	0x324
 794 02eb 1C       		.uleb128 0x1c
 795 02ec 6D7300   		.ascii	"ms\000"
 796 02ef 01       		.byte	0x1
 797 02f0 5301     		.2byte	0x153
 798 02f2 FA020000 		.4byte	0x2fa
 799 02f6 E6000000 		.4byte	.LLST7
 800 02fa 0F       		.uleb128 0xf
 801 02fb 04       		.byte	0x4
 802 02fc B4020000 		.4byte	0x2b4
 803 0300 12       		.uleb128 0x12
 804 0301 9C000000 		.4byte	.LVL20
 805 0305 95010000 		.4byte	0x195
ARM GAS  C:\Users\bibiw\AppData\Local\Temp\cchUuLW4.s 			page 22


 806 0309 13       		.uleb128 0x13
 807 030a 01       		.uleb128 0x1
 808 030b 51       		.byte	0x51
 809 030c 15       		.uleb128 0x15
 810 030d 74       		.byte	0x74
 811 030e 00       		.sleb128 0
 812 030f 31       		.byte	0x31
 813 0310 24       		.byte	0x24
 814 0311 74       		.byte	0x74
 815 0312 00       		.sleb128 0
 816 0313 22       		.byte	0x22
 817 0314 31       		.byte	0x31
 818 0315 24       		.byte	0x24
 819 0316 03       		.byte	0x3
 820 0317 04000000 		.4byte	.LANCHOR0+4
 821 031b 22       		.byte	0x22
 822 031c 94       		.byte	0x94
 823 031d 02       		.byte	0x2
 824 031e 0A       		.byte	0xa
 825 031f FFFF     		.2byte	0xffff
 826 0321 1A       		.byte	0x1a
 827 0322 00       		.byte	0
 828 0323 00       		.byte	0
 829 0324 12       		.uleb128 0x12
 830 0325 B0000000 		.4byte	.LVL23
 831 0329 0D010000 		.4byte	0x10d
 832 032d 13       		.uleb128 0x13
 833 032e 01       		.uleb128 0x1
 834 032f 50       		.byte	0x50
 835 0330 05       		.uleb128 0x5
 836 0331 03       		.byte	0x3
 837 0332 34000000 		.4byte	.LANCHOR0+52
 838 0336 13       		.uleb128 0x13
 839 0337 01       		.uleb128 0x1
 840 0338 51       		.byte	0x51
 841 0339 05       		.uleb128 0x5
 842 033a 03       		.byte	0x3
 843 033b 0C000000 		.4byte	.LANCHOR0+12
 844 033f 00       		.byte	0
 845 0340 00       		.byte	0
 846 0341 1D       		.uleb128 0x1d
 847 0342 22010000 		.4byte	.LVL24
 848 0346 E2010000 		.4byte	0x1e2
 849 034a 00       		.byte	0
 850 034b 1A       		.uleb128 0x1a
 851 034c 85010000 		.4byte	0x185
 852 0350 5B030000 		.4byte	0x35b
 853 0354 1B       		.uleb128 0x1b
 854 0355 7D000000 		.4byte	0x7d
 855 0359 02       		.byte	0x2
 856 035a 00       		.byte	0
 857 035b 10       		.uleb128 0x10
 858 035c 4B030000 		.4byte	0x34b
 859 0360 1A       		.uleb128 0x1a
 860 0361 90010000 		.4byte	0x190
 861 0365 70030000 		.4byte	0x370
 862 0369 1B       		.uleb128 0x1b
ARM GAS  C:\Users\bibiw\AppData\Local\Temp\cchUuLW4.s 			page 23


 863 036a 7D000000 		.4byte	0x7d
 864 036e 13       		.byte	0x13
 865 036f 00       		.byte	0
 866 0370 10       		.uleb128 0x10
 867 0371 60030000 		.4byte	0x360
 868 0375 1E       		.uleb128 0x1e
 869 0376 A7000000 		.4byte	.LASF43
 870 037a A7000000 		.4byte	.LASF43
 871 037e 1F       		.uleb128 0x1f
 872 037f 27020000 		.4byte	.LASF36
 873 0383 27020000 		.4byte	.LASF36
 874 0387 04       		.byte	0x4
 875 0388 6C       		.byte	0x6c
 876 0389 1F       		.uleb128 0x1f
 877 038a 0D000000 		.4byte	.LASF37
 878 038e 0D000000 		.4byte	.LASF37
 879 0392 04       		.byte	0x4
 880 0393 D0       		.byte	0xd0
 881 0394 1F       		.uleb128 0x1f
 882 0395 C7000000 		.4byte	.LASF38
 883 0399 C7000000 		.4byte	.LASF38
 884 039d 04       		.byte	0x4
 885 039e D6       		.byte	0xd6
 886 039f 00       		.byte	0
 887              		.section	.debug_abbrev,"",%progbits
 888              	.Ldebug_abbrev0:
 889 0000 01       		.uleb128 0x1
 890 0001 11       		.uleb128 0x11
 891 0002 01       		.byte	0x1
 892 0003 25       		.uleb128 0x25
 893 0004 0E       		.uleb128 0xe
 894 0005 13       		.uleb128 0x13
 895 0006 0B       		.uleb128 0xb
 896 0007 03       		.uleb128 0x3
 897 0008 0E       		.uleb128 0xe
 898 0009 1B       		.uleb128 0x1b
 899 000a 0E       		.uleb128 0xe
 900 000b 55       		.uleb128 0x55
 901 000c 17       		.uleb128 0x17
 902 000d 11       		.uleb128 0x11
 903 000e 01       		.uleb128 0x1
 904 000f 10       		.uleb128 0x10
 905 0010 17       		.uleb128 0x17
 906 0011 00       		.byte	0
 907 0012 00       		.byte	0
 908 0013 02       		.uleb128 0x2
 909 0014 24       		.uleb128 0x24
 910 0015 00       		.byte	0
 911 0016 0B       		.uleb128 0xb
 912 0017 0B       		.uleb128 0xb
 913 0018 3E       		.uleb128 0x3e
 914 0019 0B       		.uleb128 0xb
 915 001a 03       		.uleb128 0x3
 916 001b 08       		.uleb128 0x8
 917 001c 00       		.byte	0
 918 001d 00       		.byte	0
 919 001e 03       		.uleb128 0x3
ARM GAS  C:\Users\bibiw\AppData\Local\Temp\cchUuLW4.s 			page 24


 920 001f 16       		.uleb128 0x16
 921 0020 00       		.byte	0
 922 0021 03       		.uleb128 0x3
 923 0022 0E       		.uleb128 0xe
 924 0023 3A       		.uleb128 0x3a
 925 0024 0B       		.uleb128 0xb
 926 0025 3B       		.uleb128 0x3b
 927 0026 0B       		.uleb128 0xb
 928 0027 49       		.uleb128 0x49
 929 0028 13       		.uleb128 0x13
 930 0029 00       		.byte	0
 931 002a 00       		.byte	0
 932 002b 04       		.uleb128 0x4
 933 002c 24       		.uleb128 0x24
 934 002d 00       		.byte	0
 935 002e 0B       		.uleb128 0xb
 936 002f 0B       		.uleb128 0xb
 937 0030 3E       		.uleb128 0x3e
 938 0031 0B       		.uleb128 0xb
 939 0032 03       		.uleb128 0x3
 940 0033 0E       		.uleb128 0xe
 941 0034 00       		.byte	0
 942 0035 00       		.byte	0
 943 0036 05       		.uleb128 0x5
 944 0037 0F       		.uleb128 0xf
 945 0038 00       		.byte	0
 946 0039 0B       		.uleb128 0xb
 947 003a 0B       		.uleb128 0xb
 948 003b 00       		.byte	0
 949 003c 00       		.byte	0
 950 003d 06       		.uleb128 0x6
 951 003e 16       		.uleb128 0x16
 952 003f 00       		.byte	0
 953 0040 03       		.uleb128 0x3
 954 0041 0E       		.uleb128 0xe
 955 0042 3A       		.uleb128 0x3a
 956 0043 0B       		.uleb128 0xb
 957 0044 3B       		.uleb128 0x3b
 958 0045 05       		.uleb128 0x5
 959 0046 49       		.uleb128 0x49
 960 0047 13       		.uleb128 0x13
 961 0048 00       		.byte	0
 962 0049 00       		.byte	0
 963 004a 07       		.uleb128 0x7
 964 004b 35       		.uleb128 0x35
 965 004c 00       		.byte	0
 966 004d 49       		.uleb128 0x49
 967 004e 13       		.uleb128 0x13
 968 004f 00       		.byte	0
 969 0050 00       		.byte	0
 970 0051 08       		.uleb128 0x8
 971 0052 13       		.uleb128 0x13
 972 0053 01       		.byte	0x1
 973 0054 0B       		.uleb128 0xb
 974 0055 0B       		.uleb128 0xb
 975 0056 3A       		.uleb128 0x3a
 976 0057 0B       		.uleb128 0xb
ARM GAS  C:\Users\bibiw\AppData\Local\Temp\cchUuLW4.s 			page 25


 977 0058 3B       		.uleb128 0x3b
 978 0059 0B       		.uleb128 0xb
 979 005a 01       		.uleb128 0x1
 980 005b 13       		.uleb128 0x13
 981 005c 00       		.byte	0
 982 005d 00       		.byte	0
 983 005e 09       		.uleb128 0x9
 984 005f 0D       		.uleb128 0xd
 985 0060 00       		.byte	0
 986 0061 03       		.uleb128 0x3
 987 0062 0E       		.uleb128 0xe
 988 0063 3A       		.uleb128 0x3a
 989 0064 0B       		.uleb128 0xb
 990 0065 3B       		.uleb128 0x3b
 991 0066 0B       		.uleb128 0xb
 992 0067 49       		.uleb128 0x49
 993 0068 13       		.uleb128 0x13
 994 0069 38       		.uleb128 0x38
 995 006a 0B       		.uleb128 0xb
 996 006b 00       		.byte	0
 997 006c 00       		.byte	0
 998 006d 0A       		.uleb128 0xa
 999 006e 2E       		.uleb128 0x2e
 1000 006f 01       		.byte	0x1
 1001 0070 03       		.uleb128 0x3
 1002 0071 0E       		.uleb128 0xe
 1003 0072 3A       		.uleb128 0x3a
 1004 0073 0B       		.uleb128 0xb
 1005 0074 3B       		.uleb128 0x3b
 1006 0075 0B       		.uleb128 0xb
 1007 0076 27       		.uleb128 0x27
 1008 0077 19       		.uleb128 0x19
 1009 0078 11       		.uleb128 0x11
 1010 0079 01       		.uleb128 0x1
 1011 007a 12       		.uleb128 0x12
 1012 007b 06       		.uleb128 0x6
 1013 007c 40       		.uleb128 0x40
 1014 007d 18       		.uleb128 0x18
 1015 007e 9742     		.uleb128 0x2117
 1016 0080 19       		.uleb128 0x19
 1017 0081 01       		.uleb128 0x1
 1018 0082 13       		.uleb128 0x13
 1019 0083 00       		.byte	0
 1020 0084 00       		.byte	0
 1021 0085 0B       		.uleb128 0xb
 1022 0086 05       		.uleb128 0x5
 1023 0087 00       		.byte	0
 1024 0088 03       		.uleb128 0x3
 1025 0089 0E       		.uleb128 0xe
 1026 008a 3A       		.uleb128 0x3a
 1027 008b 0B       		.uleb128 0xb
 1028 008c 3B       		.uleb128 0x3b
 1029 008d 0B       		.uleb128 0xb
 1030 008e 49       		.uleb128 0x49
 1031 008f 13       		.uleb128 0x13
 1032 0090 02       		.uleb128 0x2
 1033 0091 18       		.uleb128 0x18
ARM GAS  C:\Users\bibiw\AppData\Local\Temp\cchUuLW4.s 			page 26


 1034 0092 00       		.byte	0
 1035 0093 00       		.byte	0
 1036 0094 0C       		.uleb128 0xc
 1037 0095 34       		.uleb128 0x34
 1038 0096 00       		.byte	0
 1039 0097 03       		.uleb128 0x3
 1040 0098 08       		.uleb128 0x8
 1041 0099 3A       		.uleb128 0x3a
 1042 009a 0B       		.uleb128 0xb
 1043 009b 3B       		.uleb128 0x3b
 1044 009c 0B       		.uleb128 0xb
 1045 009d 49       		.uleb128 0x49
 1046 009e 13       		.uleb128 0x13
 1047 009f 02       		.uleb128 0x2
 1048 00a0 17       		.uleb128 0x17
 1049 00a1 00       		.byte	0
 1050 00a2 00       		.byte	0
 1051 00a3 0D       		.uleb128 0xd
 1052 00a4 0B       		.uleb128 0xb
 1053 00a5 01       		.byte	0x1
 1054 00a6 11       		.uleb128 0x11
 1055 00a7 01       		.uleb128 0x1
 1056 00a8 12       		.uleb128 0x12
 1057 00a9 06       		.uleb128 0x6
 1058 00aa 00       		.byte	0
 1059 00ab 00       		.byte	0
 1060 00ac 0E       		.uleb128 0xe
 1061 00ad 34       		.uleb128 0x34
 1062 00ae 00       		.byte	0
 1063 00af 03       		.uleb128 0x3
 1064 00b0 0E       		.uleb128 0xe
 1065 00b1 3A       		.uleb128 0x3a
 1066 00b2 0B       		.uleb128 0xb
 1067 00b3 3B       		.uleb128 0x3b
 1068 00b4 0B       		.uleb128 0xb
 1069 00b5 49       		.uleb128 0x49
 1070 00b6 13       		.uleb128 0x13
 1071 00b7 02       		.uleb128 0x2
 1072 00b8 17       		.uleb128 0x17
 1073 00b9 00       		.byte	0
 1074 00ba 00       		.byte	0
 1075 00bb 0F       		.uleb128 0xf
 1076 00bc 0F       		.uleb128 0xf
 1077 00bd 00       		.byte	0
 1078 00be 0B       		.uleb128 0xb
 1079 00bf 0B       		.uleb128 0xb
 1080 00c0 49       		.uleb128 0x49
 1081 00c1 13       		.uleb128 0x13
 1082 00c2 00       		.byte	0
 1083 00c3 00       		.byte	0
 1084 00c4 10       		.uleb128 0x10
 1085 00c5 26       		.uleb128 0x26
 1086 00c6 00       		.byte	0
 1087 00c7 49       		.uleb128 0x49
 1088 00c8 13       		.uleb128 0x13
 1089 00c9 00       		.byte	0
 1090 00ca 00       		.byte	0
ARM GAS  C:\Users\bibiw\AppData\Local\Temp\cchUuLW4.s 			page 27


 1091 00cb 11       		.uleb128 0x11
 1092 00cc 05       		.uleb128 0x5
 1093 00cd 00       		.byte	0
 1094 00ce 03       		.uleb128 0x3
 1095 00cf 08       		.uleb128 0x8
 1096 00d0 3A       		.uleb128 0x3a
 1097 00d1 0B       		.uleb128 0xb
 1098 00d2 3B       		.uleb128 0x3b
 1099 00d3 0B       		.uleb128 0xb
 1100 00d4 49       		.uleb128 0x49
 1101 00d5 13       		.uleb128 0x13
 1102 00d6 02       		.uleb128 0x2
 1103 00d7 17       		.uleb128 0x17
 1104 00d8 00       		.byte	0
 1105 00d9 00       		.byte	0
 1106 00da 12       		.uleb128 0x12
 1107 00db 898201   		.uleb128 0x4109
 1108 00de 01       		.byte	0x1
 1109 00df 11       		.uleb128 0x11
 1110 00e0 01       		.uleb128 0x1
 1111 00e1 31       		.uleb128 0x31
 1112 00e2 13       		.uleb128 0x13
 1113 00e3 00       		.byte	0
 1114 00e4 00       		.byte	0
 1115 00e5 13       		.uleb128 0x13
 1116 00e6 8A8201   		.uleb128 0x410a
 1117 00e9 00       		.byte	0
 1118 00ea 02       		.uleb128 0x2
 1119 00eb 18       		.uleb128 0x18
 1120 00ec 9142     		.uleb128 0x2111
 1121 00ee 18       		.uleb128 0x18
 1122 00ef 00       		.byte	0
 1123 00f0 00       		.byte	0
 1124 00f1 14       		.uleb128 0x14
 1125 00f2 898201   		.uleb128 0x4109
 1126 00f5 01       		.byte	0x1
 1127 00f6 11       		.uleb128 0x11
 1128 00f7 01       		.uleb128 0x1
 1129 00f8 31       		.uleb128 0x31
 1130 00f9 13       		.uleb128 0x13
 1131 00fa 01       		.uleb128 0x1
 1132 00fb 13       		.uleb128 0x13
 1133 00fc 00       		.byte	0
 1134 00fd 00       		.byte	0
 1135 00fe 15       		.uleb128 0x15
 1136 00ff 2E       		.uleb128 0x2e
 1137 0100 01       		.byte	0x1
 1138 0101 3F       		.uleb128 0x3f
 1139 0102 19       		.uleb128 0x19
 1140 0103 03       		.uleb128 0x3
 1141 0104 0E       		.uleb128 0xe
 1142 0105 3A       		.uleb128 0x3a
 1143 0106 0B       		.uleb128 0xb
 1144 0107 3B       		.uleb128 0x3b
 1145 0108 05       		.uleb128 0x5
 1146 0109 27       		.uleb128 0x27
 1147 010a 19       		.uleb128 0x19
ARM GAS  C:\Users\bibiw\AppData\Local\Temp\cchUuLW4.s 			page 28


 1148 010b 11       		.uleb128 0x11
 1149 010c 01       		.uleb128 0x1
 1150 010d 12       		.uleb128 0x12
 1151 010e 06       		.uleb128 0x6
 1152 010f 40       		.uleb128 0x40
 1153 0110 18       		.uleb128 0x18
 1154 0111 9742     		.uleb128 0x2117
 1155 0113 19       		.uleb128 0x19
 1156 0114 01       		.uleb128 0x1
 1157 0115 13       		.uleb128 0x13
 1158 0116 00       		.byte	0
 1159 0117 00       		.byte	0
 1160 0118 16       		.uleb128 0x16
 1161 0119 0B       		.uleb128 0xb
 1162 011a 01       		.byte	0x1
 1163 011b 11       		.uleb128 0x11
 1164 011c 01       		.uleb128 0x1
 1165 011d 12       		.uleb128 0x12
 1166 011e 06       		.uleb128 0x6
 1167 011f 01       		.uleb128 0x1
 1168 0120 13       		.uleb128 0x13
 1169 0121 00       		.byte	0
 1170 0122 00       		.byte	0
 1171 0123 17       		.uleb128 0x17
 1172 0124 34       		.uleb128 0x34
 1173 0125 00       		.byte	0
 1174 0126 03       		.uleb128 0x3
 1175 0127 0E       		.uleb128 0xe
 1176 0128 3A       		.uleb128 0x3a
 1177 0129 0B       		.uleb128 0xb
 1178 012a 3B       		.uleb128 0x3b
 1179 012b 05       		.uleb128 0x5
 1180 012c 49       		.uleb128 0x49
 1181 012d 13       		.uleb128 0x13
 1182 012e 02       		.uleb128 0x2
 1183 012f 18       		.uleb128 0x18
 1184 0130 00       		.byte	0
 1185 0131 00       		.byte	0
 1186 0132 18       		.uleb128 0x18
 1187 0133 13       		.uleb128 0x13
 1188 0134 01       		.byte	0x1
 1189 0135 0B       		.uleb128 0xb
 1190 0136 0B       		.uleb128 0xb
 1191 0137 3A       		.uleb128 0x3a
 1192 0138 0B       		.uleb128 0xb
 1193 0139 3B       		.uleb128 0x3b
 1194 013a 05       		.uleb128 0x5
 1195 013b 01       		.uleb128 0x1
 1196 013c 13       		.uleb128 0x13
 1197 013d 00       		.byte	0
 1198 013e 00       		.byte	0
 1199 013f 19       		.uleb128 0x19
 1200 0140 0D       		.uleb128 0xd
 1201 0141 00       		.byte	0
 1202 0142 03       		.uleb128 0x3
 1203 0143 0E       		.uleb128 0xe
 1204 0144 3A       		.uleb128 0x3a
ARM GAS  C:\Users\bibiw\AppData\Local\Temp\cchUuLW4.s 			page 29


 1205 0145 0B       		.uleb128 0xb
 1206 0146 3B       		.uleb128 0x3b
 1207 0147 05       		.uleb128 0x5
 1208 0148 49       		.uleb128 0x49
 1209 0149 13       		.uleb128 0x13
 1210 014a 38       		.uleb128 0x38
 1211 014b 0B       		.uleb128 0xb
 1212 014c 00       		.byte	0
 1213 014d 00       		.byte	0
 1214 014e 1A       		.uleb128 0x1a
 1215 014f 01       		.uleb128 0x1
 1216 0150 01       		.byte	0x1
 1217 0151 49       		.uleb128 0x49
 1218 0152 13       		.uleb128 0x13
 1219 0153 01       		.uleb128 0x1
 1220 0154 13       		.uleb128 0x13
 1221 0155 00       		.byte	0
 1222 0156 00       		.byte	0
 1223 0157 1B       		.uleb128 0x1b
 1224 0158 21       		.uleb128 0x21
 1225 0159 00       		.byte	0
 1226 015a 49       		.uleb128 0x49
 1227 015b 13       		.uleb128 0x13
 1228 015c 2F       		.uleb128 0x2f
 1229 015d 0B       		.uleb128 0xb
 1230 015e 00       		.byte	0
 1231 015f 00       		.byte	0
 1232 0160 1C       		.uleb128 0x1c
 1233 0161 34       		.uleb128 0x34
 1234 0162 00       		.byte	0
 1235 0163 03       		.uleb128 0x3
 1236 0164 08       		.uleb128 0x8
 1237 0165 3A       		.uleb128 0x3a
 1238 0166 0B       		.uleb128 0xb
 1239 0167 3B       		.uleb128 0x3b
 1240 0168 05       		.uleb128 0x5
 1241 0169 49       		.uleb128 0x49
 1242 016a 13       		.uleb128 0x13
 1243 016b 02       		.uleb128 0x2
 1244 016c 17       		.uleb128 0x17
 1245 016d 00       		.byte	0
 1246 016e 00       		.byte	0
 1247 016f 1D       		.uleb128 0x1d
 1248 0170 898201   		.uleb128 0x4109
 1249 0173 00       		.byte	0
 1250 0174 11       		.uleb128 0x11
 1251 0175 01       		.uleb128 0x1
 1252 0176 31       		.uleb128 0x31
 1253 0177 13       		.uleb128 0x13
 1254 0178 00       		.byte	0
 1255 0179 00       		.byte	0
 1256 017a 1E       		.uleb128 0x1e
 1257 017b 2E       		.uleb128 0x2e
 1258 017c 00       		.byte	0
 1259 017d 3F       		.uleb128 0x3f
 1260 017e 19       		.uleb128 0x19
 1261 017f 3C       		.uleb128 0x3c
ARM GAS  C:\Users\bibiw\AppData\Local\Temp\cchUuLW4.s 			page 30


 1262 0180 19       		.uleb128 0x19
 1263 0181 6E       		.uleb128 0x6e
 1264 0182 0E       		.uleb128 0xe
 1265 0183 03       		.uleb128 0x3
 1266 0184 0E       		.uleb128 0xe
 1267 0185 00       		.byte	0
 1268 0186 00       		.byte	0
 1269 0187 1F       		.uleb128 0x1f
 1270 0188 2E       		.uleb128 0x2e
 1271 0189 00       		.byte	0
 1272 018a 3F       		.uleb128 0x3f
 1273 018b 19       		.uleb128 0x19
 1274 018c 3C       		.uleb128 0x3c
 1275 018d 19       		.uleb128 0x19
 1276 018e 6E       		.uleb128 0x6e
 1277 018f 0E       		.uleb128 0xe
 1278 0190 03       		.uleb128 0x3
 1279 0191 0E       		.uleb128 0xe
 1280 0192 3A       		.uleb128 0x3a
 1281 0193 0B       		.uleb128 0xb
 1282 0194 3B       		.uleb128 0x3b
 1283 0195 0B       		.uleb128 0xb
 1284 0196 00       		.byte	0
 1285 0197 00       		.byte	0
 1286 0198 00       		.byte	0
 1287              		.section	.debug_loc,"",%progbits
 1288              	.Ldebug_loc0:
 1289              	.LLST0:
 1290 0000 02000000 		.4byte	.LVL1
 1291 0004 08000000 		.4byte	.LVL2
 1292 0008 0200     		.2byte	0x2
 1293 000a 30       		.byte	0x30
 1294 000b 9F       		.byte	0x9f
 1295 000c 08000000 		.4byte	.LVL2
 1296 0010 30000000 		.4byte	.LVL11
 1297 0014 0100     		.2byte	0x1
 1298 0016 57       		.byte	0x57
 1299 0017 00000000 		.4byte	0
 1300 001b 00000000 		.4byte	0
 1301              	.LLST1:
 1302 001f 02000000 		.4byte	.LVL1
 1303 0023 08000000 		.4byte	.LVL2
 1304 0027 0200     		.2byte	0x2
 1305 0029 30       		.byte	0x30
 1306 002a 9F       		.byte	0x9f
 1307 002b 08000000 		.4byte	.LVL2
 1308 002f 30000000 		.4byte	.LVL10
 1309 0033 0100     		.2byte	0x1
 1310 0035 55       		.byte	0x55
 1311 0036 00000000 		.4byte	0
 1312 003a 00000000 		.4byte	0
 1313              	.LLST2:
 1314 003e 0C000000 		.4byte	.LVL3
 1315 0042 2C000000 		.4byte	.LVL9
 1316 0046 0100     		.2byte	0x1
 1317 0048 56       		.byte	0x56
 1318 0049 00000000 		.4byte	0
ARM GAS  C:\Users\bibiw\AppData\Local\Temp\cchUuLW4.s 			page 31


 1319 004d 00000000 		.4byte	0
 1320              	.LLST3:
 1321 0051 0E000000 		.4byte	.LVL4
 1322 0055 24000000 		.4byte	.LVL7
 1323 0059 0100     		.2byte	0x1
 1324 005b 53       		.byte	0x53
 1325 005c 26000000 		.4byte	.LVL8
 1326 0060 2C000000 		.4byte	.LVL9
 1327 0064 0100     		.2byte	0x1
 1328 0066 53       		.byte	0x53
 1329 0067 00000000 		.4byte	0
 1330 006b 00000000 		.4byte	0
 1331              	.LLST4:
 1332 006f 00000000 		.4byte	.LVL12
 1333 0073 09000000 		.4byte	.LVL14-1
 1334 0077 0100     		.2byte	0x1
 1335 0079 50       		.byte	0x50
 1336 007a 09000000 		.4byte	.LVL14-1
 1337 007e 0C000000 		.4byte	.LFE0
 1338 0082 0400     		.2byte	0x4
 1339 0084 F3       		.byte	0xf3
 1340 0085 01       		.uleb128 0x1
 1341 0086 50       		.byte	0x50
 1342 0087 9F       		.byte	0x9f
 1343 0088 00000000 		.4byte	0
 1344 008c 00000000 		.4byte	0
 1345              	.LLST5:
 1346 0090 00000000 		.4byte	.LVL12
 1347 0094 06000000 		.4byte	.LVL13
 1348 0098 0100     		.2byte	0x1
 1349 009a 51       		.byte	0x51
 1350 009b 06000000 		.4byte	.LVL13
 1351 009f 09000000 		.4byte	.LVL14-1
 1352 00a3 0100     		.2byte	0x1
 1353 00a5 52       		.byte	0x52
 1354 00a6 09000000 		.4byte	.LVL14-1
 1355 00aa 0C000000 		.4byte	.LFE0
 1356 00ae 0400     		.2byte	0x4
 1357 00b0 F3       		.byte	0xf3
 1358 00b1 01       		.uleb128 0x1
 1359 00b2 51       		.byte	0x51
 1360 00b3 9F       		.byte	0x9f
 1361 00b4 00000000 		.4byte	0
 1362 00b8 00000000 		.4byte	0
 1363              	.LLST6:
 1364 00bc 7C000000 		.4byte	.LVL18
 1365 00c0 80000000 		.4byte	.LVL19
 1366 00c4 0200     		.2byte	0x2
 1367 00c6 30       		.byte	0x30
 1368 00c7 9F       		.byte	0x9f
 1369 00c8 80000000 		.4byte	.LVL19
 1370 00cc 9E000000 		.4byte	.LVL21
 1371 00d0 0100     		.2byte	0x1
 1372 00d2 54       		.byte	0x54
 1373 00d3 A0000000 		.4byte	.LVL22
 1374 00d7 22010000 		.4byte	.LVL25
 1375 00db 0100     		.2byte	0x1
ARM GAS  C:\Users\bibiw\AppData\Local\Temp\cchUuLW4.s 			page 32


 1376 00dd 54       		.byte	0x54
 1377 00de 00000000 		.4byte	0
 1378 00e2 00000000 		.4byte	0
 1379              	.LLST7:
 1380 00e6 80000000 		.4byte	.LVL19
 1381 00ea 9E000000 		.4byte	.LVL21
 1382 00ee 0B00     		.2byte	0xb
 1383 00f0 74       		.byte	0x74
 1384 00f1 00       		.sleb128 0
 1385 00f2 36       		.byte	0x36
 1386 00f3 1E       		.byte	0x1e
 1387 00f4 03       		.byte	0x3
 1388 00f5 00000000 		.4byte	cfg_memset_list.4870
 1389 00f9 22       		.byte	0x22
 1390 00fa 9F       		.byte	0x9f
 1391 00fb 9E000000 		.4byte	.LVL21
 1392 00ff A0000000 		.4byte	.LVL22
 1393 0103 0B00     		.2byte	0xb
 1394 0105 74       		.byte	0x74
 1395 0106 7F       		.sleb128 -1
 1396 0107 36       		.byte	0x36
 1397 0108 1E       		.byte	0x1e
 1398 0109 03       		.byte	0x3
 1399 010a 00000000 		.4byte	cfg_memset_list.4870
 1400 010e 22       		.byte	0x22
 1401 010f 9F       		.byte	0x9f
 1402 0110 00000000 		.4byte	0
 1403 0114 00000000 		.4byte	0
 1404              		.section	.debug_aranges,"",%progbits
 1405 0000 34000000 		.4byte	0x34
 1406 0004 0200     		.2byte	0x2
 1407 0006 00000000 		.4byte	.Ldebug_info0
 1408 000a 04       		.byte	0x4
 1409 000b 00       		.byte	0
 1410 000c 0000     		.2byte	0
 1411 000e 0000     		.2byte	0
 1412 0010 00000000 		.4byte	.LFB3
 1413 0014 32000000 		.4byte	.LFE3-.LFB3
 1414 0018 00000000 		.4byte	.LFB0
 1415 001c 0C000000 		.4byte	.LFE0-.LFB0
 1416 0020 00000000 		.4byte	.LFB4
 1417 0024 78000000 		.4byte	.LFE4-.LFB4
 1418 0028 78000000 		.4byte	.LFB6
 1419 002c EC000000 		.4byte	.LFE6-.LFB6
 1420 0030 00000000 		.4byte	0
 1421 0034 00000000 		.4byte	0
 1422              		.section	.debug_ranges,"",%progbits
 1423              	.Ldebug_ranges0:
 1424 0000 00000000 		.4byte	.LFB3
 1425 0004 32000000 		.4byte	.LFE3
 1426 0008 00000000 		.4byte	.LFB0
 1427 000c 0C000000 		.4byte	.LFE0
 1428 0010 00000000 		.4byte	.LFB4
 1429 0014 78000000 		.4byte	.LFE4
 1430 0018 78000000 		.4byte	.LFB6
 1431 001c 64010000 		.4byte	.LFE6
 1432 0020 00000000 		.4byte	0
ARM GAS  C:\Users\bibiw\AppData\Local\Temp\cchUuLW4.s 			page 33


 1433 0024 00000000 		.4byte	0
 1434              		.section	.debug_line,"",%progbits
 1435              	.Ldebug_line0:
 1436 0000 5D010000 		.section	.debug_str,"MS",%progbits,1
 1436      0200D600 
 1436      00000201 
 1436      FB0E0D00 
 1436      01010101 
 1437              	.LASF19:
 1438 0000 72656733 		.ascii	"reg32\000"
 1438      3200
 1439              	.LASF12:
 1440 0006 73697A65 		.ascii	"size_t\000"
 1440      5F7400
 1441              	.LASF37:
 1442 000d 4379496E 		.ascii	"CyIntSetVector\000"
 1442      74536574 
 1442      56656374 
 1442      6F7200
 1443              	.LASF21:
 1444 001c 76616C75 		.ascii	"value\000"
 1444      6500
 1445              	.LASF26:
 1446 0022 636F756E 		.ascii	"count\000"
 1446      7400
 1447              	.LASF29:
 1448 0028 436C6F63 		.ascii	"ClockSetup\000"
 1448      6B536574 
 1448      757000
 1449              	.LASF30:
 1450 0033 63795F63 		.ascii	"cy_cfg_addr_table\000"
 1450      66675F61 
 1450      6464725F 
 1450      7461626C 
 1450      6500
 1451              	.LASF31:
 1452 0045 63795F63 		.ascii	"cy_cfg_data_table\000"
 1452      66675F64 
 1452      6174615F 
 1452      7461626C 
 1452      6500
 1453              	.LASF16:
 1454 0057 666C6F61 		.ascii	"float\000"
 1454      7400
 1455              	.LASF35:
 1456 005d 6366675F 		.ascii	"cfg_memset_list\000"
 1456      6D656D73 
 1456      65745F6C 
 1456      69737400 
 1457              	.LASF33:
 1458 006d 73697A65 		.ascii	"size\000"
 1458      00
 1459              	.LASF18:
 1460 0072 72656738 		.ascii	"reg8\000"
 1460      00
 1461              	.LASF8:
 1462 0077 6C6F6E67 		.ascii	"long unsigned int\000"
ARM GAS  C:\Users\bibiw\AppData\Local\Temp\cchUuLW4.s 			page 34


 1462      20756E73 
 1462      69676E65 
 1462      6420696E 
 1462      7400
 1463              	.LASF13:
 1464 0089 75696E74 		.ascii	"uint8\000"
 1464      3800
 1465              	.LASF28:
 1466 008f 43594D45 		.ascii	"CYMEMZERO\000"
 1466      4D5A4552 
 1466      4F00
 1467              	.LASF4:
 1468 0099 756E7369 		.ascii	"unsigned char\000"
 1468      676E6564 
 1468      20636861 
 1468      7200
 1469              	.LASF43:
 1470 00a7 6D656D73 		.ascii	"memset\000"
 1470      657400
 1471              	.LASF17:
 1472 00ae 646F7562 		.ascii	"double\000"
 1472      6C6500
 1473              	.LASF27:
 1474 00b5 6366675F 		.ascii	"cfg_write_bytes32\000"
 1474      77726974 
 1474      655F6279 
 1474      74657333 
 1474      3200
 1475              	.LASF38:
 1476 00c7 4379496E 		.ascii	"CyIntEnable\000"
 1476      74456E61 
 1476      626C6500 
 1477              	.LASF23:
 1478 00d3 61646472 		.ascii	"addr_table\000"
 1478      5F746162 
 1478      6C6500
 1479              	.LASF14:
 1480 00de 75696E74 		.ascii	"uint16\000"
 1480      313600
 1481              	.LASF24:
 1482 00e5 64617461 		.ascii	"data_table\000"
 1482      5F746162 
 1482      6C6500
 1483              	.LASF15:
 1484 00f0 75696E74 		.ascii	"uint32\000"
 1484      333200
 1485              	.LASF0:
 1486 00f7 756E7369 		.ascii	"unsigned int\000"
 1486      676E6564 
 1486      20696E74 
 1486      00
 1487              	.LASF42:
 1488 0104 63796669 		.ascii	"cyfitter_cfg\000"
 1488      74746572 
 1488      5F636667 
 1488      00
 1489              	.LASF32:
ARM GAS  C:\Users\bibiw\AppData\Local\Temp\cchUuLW4.s 			page 35


 1490 0111 61646472 		.ascii	"address\000"
 1490      65737300 
 1491              	.LASF9:
 1492 0119 6C6F6E67 		.ascii	"long long unsigned int\000"
 1492      206C6F6E 
 1492      6720756E 
 1492      7369676E 
 1492      65642069 
 1493              	.LASF39:
 1494 0130 474E5520 		.ascii	"GNU C11 5.4.1 20160609 (release) [ARM/embedded-5-br"
 1494      43313120 
 1494      352E342E 
 1494      31203230 
 1494      31363036 
 1495 0163 616E6368 		.ascii	"anch revision 237715] -mcpu=cortex-m0 -mthumb -g -O"
 1495      20726576 
 1495      6973696F 
 1495      6E203233 
 1495      37373135 
 1496 0196 67202D66 		.ascii	"g -ffunction-sections -ffat-lto-objects\000"
 1496      66756E63 
 1496      74696F6E 
 1496      2D736563 
 1496      74696F6E 
 1497              	.LASF34:
 1498 01be 6366675F 		.ascii	"cfg_memset_t\000"
 1498      6D656D73 
 1498      65745F74 
 1498      00
 1499              	.LASF25:
 1500 01cb 62617365 		.ascii	"baseAddr\000"
 1500      41646472 
 1500      00
 1501              	.LASF10:
 1502 01d4 73697A65 		.ascii	"sizetype\000"
 1502      74797065 
 1502      00
 1503              	.LASF6:
 1504 01dd 73686F72 		.ascii	"short unsigned int\000"
 1504      7420756E 
 1504      7369676E 
 1504      65642069 
 1504      6E7400
 1505              	.LASF1:
 1506 01f0 6C6F6E67 		.ascii	"long long int\000"
 1506      206C6F6E 
 1506      6720696E 
 1506      7400
 1507              	.LASF11:
 1508 01fe 63686172 		.ascii	"char\000"
 1508      00
 1509              	.LASF22:
 1510 0203 63795F63 		.ascii	"cy_cfg_addrvalue_t\000"
 1510      66675F61 
 1510      64647276 
 1510      616C7565 
 1510      5F7400
ARM GAS  C:\Users\bibiw\AppData\Local\Temp\cchUuLW4.s 			page 36


 1511              	.LASF20:
 1512 0216 6F666673 		.ascii	"offset\000"
 1512      657400
 1513              	.LASF5:
 1514 021d 73686F72 		.ascii	"short int\000"
 1514      7420696E 
 1514      7400
 1515              	.LASF36:
 1516 0227 43795379 		.ascii	"CySysClkWriteImoFreq\000"
 1516      73436C6B 
 1516      57726974 
 1516      65496D6F 
 1516      46726571 
 1517              	.LASF41:
 1518 023c 433A5C55 		.ascii	"C:\\Users\\bibiw\\Documents\\PSoC Creator\\Labs\\La"
 1518      73657273 
 1518      5C626962 
 1518      69775C44 
 1518      6F63756D 
 1519 0269 62322E63 		.ascii	"b2.cydsn\000"
 1519      7964736E 
 1519      00
 1520              	.LASF7:
 1521 0272 6C6F6E67 		.ascii	"long int\000"
 1521      20696E74 
 1521      00
 1522              	.LASF2:
 1523 027b 6C6F6E67 		.ascii	"long double\000"
 1523      20646F75 
 1523      626C6500 
 1524              	.LASF3:
 1525 0287 7369676E 		.ascii	"signed char\000"
 1525      65642063 
 1525      68617200 
 1526              	.LASF40:
 1527 0293 47656E65 		.ascii	"Generated_Source\\PSoC4\\cyfitter_cfg.c\000"
 1527      72617465 
 1527      645F536F 
 1527      75726365 
 1527      5C50536F 
 1528              		.ident	"GCC: (GNU Tools for ARM Embedded Processors) 5.4.1 20160609 (release) [ARM/embedded-5-bran
