--------------- Rebuild Started: 11/26/2020 13:25:48 Project: Lab2, Configuration: ARM GCC 5.4-2016-q2-update Debug ---------------
Deleting file ".\CortexM0\ARM_GCC_541\Debug\main.o"
Deleting file ".\CortexM0\ARM_GCC_541\Debug\cyfitter_cfg.o"
Deleting file ".\CortexM0\ARM_GCC_541\Debug\cybootloader.o"
Deleting file ".\CortexM0\ARM_GCC_541\Debug\cymetadata.o"
Deleting file ".\CortexM0\ARM_GCC_541\Debug\Bootloadable.o"
Deleting file ".\CortexM0\ARM_GCC_541\Debug\Cm0Start.o"
Deleting file ".\CortexM0\ARM_GCC_541\Debug\CyFlash.o"
Deleting file ".\CortexM0\ARM_GCC_541\Debug\CyLib.o"
Deleting file ".\CortexM0\ARM_GCC_541\Debug\cyPm.o"
Deleting file ".\CortexM0\ARM_GCC_541\Debug\cyutils.o"
Deleting file ".\CortexM0\ARM_GCC_541\Debug\CyBootAsmGnu.o"
Deleting file ".\CortexM0\ARM_GCC_541\Debug\CyLFClk.o"
Deleting file ".\CortexM0\ARM_GCC_541\Debug\cy_em_eeprom.o"
Deleting file ".\CortexM0\ARM_GCC_541\Debug\LED_Green.o"
Deleting file ".\CortexM0\ARM_GCC_541\Debug\LED_Green_PM.o"
Deleting file ".\CortexM0\ARM_GCC_541\Debug\LED_Yellow.o"
Deleting file ".\CortexM0\ARM_GCC_541\Debug\LED_Yellow_PM.o"
Deleting file ".\CortexM0\ARM_GCC_541\Debug\LED_Red.o"
Deleting file ".\CortexM0\ARM_GCC_541\Debug\LED_Red_PM.o"
Deleting file ".\CortexM0\ARM_GCC_541\Debug\Lab2.hex"
Deleting file ".\CortexM0\ARM_GCC_541\Debug\Lab2.elf"
Deleting file ".\CortexM0\ARM_GCC_541\Debug\Lab2.map"
Deleting file ".\CortexM0\ARM_GCC_541\Debug\Lab2.cyacd"
Deleting file ".\Lab2.cycdx"
Deleting file ".\Lab2.rpt"
Deleting file ".\Lab2_timing.html"
Deleting file ".\CortexM0\ARM_GCC_541\Debug\.deps\SOURCE_C__ARM_GCC_GENERIC.P"
Deleting file ".\CortexM0\ARM_GCC_541\Debug\.deps\SOURCE_ASM__ARM_GCC_GENERIC.P"
cydsfit.exe -.appdatapath "C:\Users\bibiw\AppData\Local\Cypress Semiconductor\PSoC Creator\4.4" -.fdsnotice -.fdswarpdepfile=warp_dependencies.txt -.fdselabdepfile=elab_dependencies.txt -.fdsbldfile=generated_files.txt -.fdsreffile=referenced_files.txt -p "C:\Users\bibiw\Documents\PSoC Creator\Labs\Lab2.cydsn\Lab2.cyprj" -d CY8C4245AXI-483 -s "C:\Users\bibiw\Documents\PSoC Creator\Labs\Lab2.cydsn\Generated_Source\PSoC4" -- -yv2 -q10 -ygs -o2 -v3 -.fftcfgtype=LE
Elaborating Design...
ADD: sdb.M0025: error: No input on Instance "LED_Green", terminal "y_0".
 * C:\Users\bibiw\Documents\PSoC Creator\Labs\Lab2.cydsn\TopDesign\TopDesign.cysch (Signal: Net_31)
 * C:\Users\bibiw\Documents\PSoC Creator\Labs\Lab2.cydsn\TopDesign\TopDesign.cysch (Shape_7.2)
ADD: sdb.M0050: error: Terminal "y_0" requires connection when it is visible.
 * C:\Users\bibiw\Documents\PSoC Creator\Labs\Lab2.cydsn\TopDesign\TopDesign.cysch (Signal: Net_31)
 * C:\Users\bibiw\Documents\PSoC Creator\Labs\Lab2.cydsn\TopDesign\TopDesign.cysch (Shape_7.2)
ADD: sdb.M0025: error: No input on Instance "LED_Red", terminal "y_0".
 * C:\Users\bibiw\Documents\PSoC Creator\Labs\Lab2.cydsn\TopDesign\TopDesign.cysch (Signal: Net_35)
 * C:\Users\bibiw\Documents\PSoC Creator\Labs\Lab2.cydsn\TopDesign\TopDesign.cysch (Shape_3.2)
ADD: sdb.M0050: error: Terminal "y_0" requires connection when it is visible.
 * C:\Users\bibiw\Documents\PSoC Creator\Labs\Lab2.cydsn\TopDesign\TopDesign.cysch (Signal: Net_35)
 * C:\Users\bibiw\Documents\PSoC Creator\Labs\Lab2.cydsn\TopDesign\TopDesign.cysch (Shape_3.2)
ADD: sdb.M0025: error: No input on Instance "LED_Yellow", terminal "y_0".
 * C:\Users\bibiw\Documents\PSoC Creator\Labs\Lab2.cydsn\TopDesign\TopDesign.cysch (Signal: Net_33)
 * C:\Users\bibiw\Documents\PSoC Creator\Labs\Lab2.cydsn\TopDesign\TopDesign.cysch (Shape_2.2)
ADD: sdb.M0050: error: Terminal "y_0" requires connection when it is visible.
 * C:\Users\bibiw\Documents\PSoC Creator\Labs\Lab2.cydsn\TopDesign\TopDesign.cysch (Signal: Net_33)
 * C:\Users\bibiw\Documents\PSoC Creator\Labs\Lab2.cydsn\TopDesign\TopDesign.cysch (Shape_2.2)
ADD: fit.M0015: information: One or more rows of flash have been configured to be protected; however, debugging has been enabled in the System DWR Editor. This means that while write restrictions are honored flash rows can still be read via SWD or JTAG. To prevent any ability to read the flash rows, disable debugging in the System DWR Editor.
 * C:\Users\bibiw\Documents\PSoC Creator\Labs\Lab2.cydsn\Lab2.cydwr (Chip Protection)
Error: fit.M0050: The fitter aborted due to errors, please address all errors and rebuild. (App=cydsfit)
--------------- Rebuild Failed: 11/26/2020 13:25:56 ---------------
