ARM GAS  C:\Users\bibiw\AppData\Local\Temp\ccgVULW4.s 			page 1


   1              		.syntax unified
   2              		.cpu cortex-m0
   3              		.fpu softvfp
   4              		.eabi_attribute 20, 1
   5              		.eabi_attribute 21, 1
   6              		.eabi_attribute 23, 3
   7              		.eabi_attribute 24, 1
   8              		.eabi_attribute 25, 1
   9              		.eabi_attribute 26, 1
  10              		.eabi_attribute 30, 1
  11              		.eabi_attribute 34, 0
  12              		.eabi_attribute 18, 4
  13              		.thumb
  14              		.syntax unified
  15              		.file	"Input_Buttons.c"
  16              		.text
  17              	.Ltext0:
  18              		.cfi_sections	.debug_frame
  19              		.section	.text.Input_Buttons_Read,"ax",%progbits
  20              		.align	2
  21              		.global	Input_Buttons_Read
  22              		.code	16
  23              		.thumb_func
  24              		.type	Input_Buttons_Read, %function
  25              	Input_Buttons_Read:
  26              	.LFB0:
  27              		.file 1 "Generated_Source\\PSoC4\\Input_Buttons.c"
   1:Generated_Source\PSoC4/Input_Buttons.c **** /*******************************************************************************
   2:Generated_Source\PSoC4/Input_Buttons.c **** * File Name: Input_Buttons.c  
   3:Generated_Source\PSoC4/Input_Buttons.c **** * Version 1.90
   4:Generated_Source\PSoC4/Input_Buttons.c **** *
   5:Generated_Source\PSoC4/Input_Buttons.c **** * Description:
   6:Generated_Source\PSoC4/Input_Buttons.c **** *  This file contains API to enable firmware to read the value of a Status 
   7:Generated_Source\PSoC4/Input_Buttons.c **** *  Register.
   8:Generated_Source\PSoC4/Input_Buttons.c **** *
   9:Generated_Source\PSoC4/Input_Buttons.c **** * Note:
  10:Generated_Source\PSoC4/Input_Buttons.c **** *
  11:Generated_Source\PSoC4/Input_Buttons.c **** ********************************************************************************
  12:Generated_Source\PSoC4/Input_Buttons.c **** * Copyright 2008-2015, Cypress Semiconductor Corporation.  All rights reserved.
  13:Generated_Source\PSoC4/Input_Buttons.c **** * You may use this file only in accordance with the license, terms, conditions, 
  14:Generated_Source\PSoC4/Input_Buttons.c **** * disclaimers, and limitations in the end user license agreement accompanying 
  15:Generated_Source\PSoC4/Input_Buttons.c **** * the software package with which this file was provided.
  16:Generated_Source\PSoC4/Input_Buttons.c **** *******************************************************************************/
  17:Generated_Source\PSoC4/Input_Buttons.c **** 
  18:Generated_Source\PSoC4/Input_Buttons.c **** #include "Input_Buttons.h"
  19:Generated_Source\PSoC4/Input_Buttons.c **** 
  20:Generated_Source\PSoC4/Input_Buttons.c **** #if !defined(Input_Buttons_sts_sts_reg__REMOVED) /* Check for removal by optimization */
  21:Generated_Source\PSoC4/Input_Buttons.c **** 
  22:Generated_Source\PSoC4/Input_Buttons.c **** 
  23:Generated_Source\PSoC4/Input_Buttons.c **** /*******************************************************************************
  24:Generated_Source\PSoC4/Input_Buttons.c **** * Function Name: Input_Buttons_Read
  25:Generated_Source\PSoC4/Input_Buttons.c **** ********************************************************************************
  26:Generated_Source\PSoC4/Input_Buttons.c **** *
  27:Generated_Source\PSoC4/Input_Buttons.c **** * Summary:
  28:Generated_Source\PSoC4/Input_Buttons.c **** *  Reads the current value assigned to the Status Register.
  29:Generated_Source\PSoC4/Input_Buttons.c **** *
  30:Generated_Source\PSoC4/Input_Buttons.c **** * Parameters:
ARM GAS  C:\Users\bibiw\AppData\Local\Temp\ccgVULW4.s 			page 2


  31:Generated_Source\PSoC4/Input_Buttons.c **** *  None.
  32:Generated_Source\PSoC4/Input_Buttons.c **** *
  33:Generated_Source\PSoC4/Input_Buttons.c **** * Return:
  34:Generated_Source\PSoC4/Input_Buttons.c **** *  The current value in the Status Register.
  35:Generated_Source\PSoC4/Input_Buttons.c **** *
  36:Generated_Source\PSoC4/Input_Buttons.c **** *******************************************************************************/
  37:Generated_Source\PSoC4/Input_Buttons.c **** uint8 Input_Buttons_Read(void) 
  38:Generated_Source\PSoC4/Input_Buttons.c **** { 
  28              		.loc 1 38 0
  29              		.cfi_startproc
  30              		@ args = 0, pretend = 0, frame = 0
  31              		@ frame_needed = 0, uses_anonymous_args = 0
  32              		@ link register save eliminated.
  39:Generated_Source\PSoC4/Input_Buttons.c ****     return Input_Buttons_Status;
  33              		.loc 1 39 0
  34 0000 014B     		ldr	r3, .L2
  35 0002 1878     		ldrb	r0, [r3]
  36 0004 C0B2     		uxtb	r0, r0
  40:Generated_Source\PSoC4/Input_Buttons.c **** }
  37              		.loc 1 40 0
  38              		@ sp needed
  39 0006 7047     		bx	lr
  40              	.L3:
  41              		.align	2
  42              	.L2:
  43 0008 62000F40 		.word	1074724962
  44              		.cfi_endproc
  45              	.LFE0:
  46              		.size	Input_Buttons_Read, .-Input_Buttons_Read
  47              		.section	.text.Input_Buttons_InterruptEnable,"ax",%progbits
  48              		.align	2
  49              		.global	Input_Buttons_InterruptEnable
  50              		.code	16
  51              		.thumb_func
  52              		.type	Input_Buttons_InterruptEnable, %function
  53              	Input_Buttons_InterruptEnable:
  54              	.LFB1:
  41:Generated_Source\PSoC4/Input_Buttons.c **** 
  42:Generated_Source\PSoC4/Input_Buttons.c **** 
  43:Generated_Source\PSoC4/Input_Buttons.c **** /*******************************************************************************
  44:Generated_Source\PSoC4/Input_Buttons.c **** * Function Name: Input_Buttons_InterruptEnable
  45:Generated_Source\PSoC4/Input_Buttons.c **** ********************************************************************************
  46:Generated_Source\PSoC4/Input_Buttons.c **** *
  47:Generated_Source\PSoC4/Input_Buttons.c **** * Summary:
  48:Generated_Source\PSoC4/Input_Buttons.c **** *  Enables the Status Register interrupt.
  49:Generated_Source\PSoC4/Input_Buttons.c **** *
  50:Generated_Source\PSoC4/Input_Buttons.c **** * Parameters:
  51:Generated_Source\PSoC4/Input_Buttons.c **** *  None.
  52:Generated_Source\PSoC4/Input_Buttons.c **** *
  53:Generated_Source\PSoC4/Input_Buttons.c **** * Return:
  54:Generated_Source\PSoC4/Input_Buttons.c **** *  None.
  55:Generated_Source\PSoC4/Input_Buttons.c **** *
  56:Generated_Source\PSoC4/Input_Buttons.c **** *******************************************************************************/
  57:Generated_Source\PSoC4/Input_Buttons.c **** void Input_Buttons_InterruptEnable(void) 
  58:Generated_Source\PSoC4/Input_Buttons.c **** {
  55              		.loc 1 58 0
  56              		.cfi_startproc
ARM GAS  C:\Users\bibiw\AppData\Local\Temp\ccgVULW4.s 			page 3


  57              		@ args = 0, pretend = 0, frame = 0
  58              		@ frame_needed = 0, uses_anonymous_args = 0
  59 0000 10B5     		push	{r4, lr}
  60              		.cfi_def_cfa_offset 8
  61              		.cfi_offset 4, -8
  62              		.cfi_offset 14, -4
  59:Generated_Source\PSoC4/Input_Buttons.c ****     uint8 interruptState;
  60:Generated_Source\PSoC4/Input_Buttons.c ****     interruptState = CyEnterCriticalSection();
  63              		.loc 1 60 0
  64 0002 FFF7FEFF 		bl	CyEnterCriticalSection
  65              	.LVL0:
  61:Generated_Source\PSoC4/Input_Buttons.c ****     Input_Buttons_Status_Aux_Ctrl |= Input_Buttons_STATUS_INTR_ENBL;
  66              		.loc 1 61 0
  67 0006 044A     		ldr	r2, .L5
  68 0008 1178     		ldrb	r1, [r2]
  69 000a 1023     		movs	r3, #16
  70 000c 0B43     		orrs	r3, r1
  71 000e DBB2     		uxtb	r3, r3
  72 0010 1370     		strb	r3, [r2]
  62:Generated_Source\PSoC4/Input_Buttons.c ****     CyExitCriticalSection(interruptState);
  73              		.loc 1 62 0
  74 0012 FFF7FEFF 		bl	CyExitCriticalSection
  75              	.LVL1:
  63:Generated_Source\PSoC4/Input_Buttons.c **** }
  76              		.loc 1 63 0
  77              		@ sp needed
  78 0016 10BD     		pop	{r4, pc}
  79              	.L6:
  80              		.align	2
  81              	.L5:
  82 0018 92000F40 		.word	1074725010
  83              		.cfi_endproc
  84              	.LFE1:
  85              		.size	Input_Buttons_InterruptEnable, .-Input_Buttons_InterruptEnable
  86              		.section	.text.Input_Buttons_InterruptDisable,"ax",%progbits
  87              		.align	2
  88              		.global	Input_Buttons_InterruptDisable
  89              		.code	16
  90              		.thumb_func
  91              		.type	Input_Buttons_InterruptDisable, %function
  92              	Input_Buttons_InterruptDisable:
  93              	.LFB2:
  64:Generated_Source\PSoC4/Input_Buttons.c **** 
  65:Generated_Source\PSoC4/Input_Buttons.c **** 
  66:Generated_Source\PSoC4/Input_Buttons.c **** /*******************************************************************************
  67:Generated_Source\PSoC4/Input_Buttons.c **** * Function Name: Input_Buttons_InterruptDisable
  68:Generated_Source\PSoC4/Input_Buttons.c **** ********************************************************************************
  69:Generated_Source\PSoC4/Input_Buttons.c **** *
  70:Generated_Source\PSoC4/Input_Buttons.c **** * Summary:
  71:Generated_Source\PSoC4/Input_Buttons.c **** *  Disables the Status Register interrupt.
  72:Generated_Source\PSoC4/Input_Buttons.c **** *
  73:Generated_Source\PSoC4/Input_Buttons.c **** * Parameters:
  74:Generated_Source\PSoC4/Input_Buttons.c **** *  None.
  75:Generated_Source\PSoC4/Input_Buttons.c **** *
  76:Generated_Source\PSoC4/Input_Buttons.c **** * Return:
  77:Generated_Source\PSoC4/Input_Buttons.c **** *  None.
  78:Generated_Source\PSoC4/Input_Buttons.c **** *
ARM GAS  C:\Users\bibiw\AppData\Local\Temp\ccgVULW4.s 			page 4


  79:Generated_Source\PSoC4/Input_Buttons.c **** *******************************************************************************/
  80:Generated_Source\PSoC4/Input_Buttons.c **** void Input_Buttons_InterruptDisable(void) 
  81:Generated_Source\PSoC4/Input_Buttons.c **** {
  94              		.loc 1 81 0
  95              		.cfi_startproc
  96              		@ args = 0, pretend = 0, frame = 0
  97              		@ frame_needed = 0, uses_anonymous_args = 0
  98 0000 10B5     		push	{r4, lr}
  99              		.cfi_def_cfa_offset 8
 100              		.cfi_offset 4, -8
 101              		.cfi_offset 14, -4
  82:Generated_Source\PSoC4/Input_Buttons.c ****     uint8 interruptState;
  83:Generated_Source\PSoC4/Input_Buttons.c ****     interruptState = CyEnterCriticalSection();
 102              		.loc 1 83 0
 103 0002 FFF7FEFF 		bl	CyEnterCriticalSection
 104              	.LVL2:
  84:Generated_Source\PSoC4/Input_Buttons.c ****     Input_Buttons_Status_Aux_Ctrl &= (uint8)(~Input_Buttons_STATUS_INTR_ENBL);
 105              		.loc 1 84 0
 106 0006 044A     		ldr	r2, .L8
 107 0008 1378     		ldrb	r3, [r2]
 108 000a 1021     		movs	r1, #16
 109 000c 8B43     		bics	r3, r1
 110 000e 1370     		strb	r3, [r2]
  85:Generated_Source\PSoC4/Input_Buttons.c ****     CyExitCriticalSection(interruptState);
 111              		.loc 1 85 0
 112 0010 FFF7FEFF 		bl	CyExitCriticalSection
 113              	.LVL3:
  86:Generated_Source\PSoC4/Input_Buttons.c **** }
 114              		.loc 1 86 0
 115              		@ sp needed
 116 0014 10BD     		pop	{r4, pc}
 117              	.L9:
 118 0016 C046     		.align	2
 119              	.L8:
 120 0018 92000F40 		.word	1074725010
 121              		.cfi_endproc
 122              	.LFE2:
 123              		.size	Input_Buttons_InterruptDisable, .-Input_Buttons_InterruptDisable
 124              		.section	.text.Input_Buttons_WriteMask,"ax",%progbits
 125              		.align	2
 126              		.global	Input_Buttons_WriteMask
 127              		.code	16
 128              		.thumb_func
 129              		.type	Input_Buttons_WriteMask, %function
 130              	Input_Buttons_WriteMask:
 131              	.LFB3:
  87:Generated_Source\PSoC4/Input_Buttons.c **** 
  88:Generated_Source\PSoC4/Input_Buttons.c **** 
  89:Generated_Source\PSoC4/Input_Buttons.c **** /*******************************************************************************
  90:Generated_Source\PSoC4/Input_Buttons.c **** * Function Name: Input_Buttons_WriteMask
  91:Generated_Source\PSoC4/Input_Buttons.c **** ********************************************************************************
  92:Generated_Source\PSoC4/Input_Buttons.c **** *
  93:Generated_Source\PSoC4/Input_Buttons.c **** * Summary:
  94:Generated_Source\PSoC4/Input_Buttons.c **** *  Writes the current mask value assigned to the Status Register.
  95:Generated_Source\PSoC4/Input_Buttons.c **** *
  96:Generated_Source\PSoC4/Input_Buttons.c **** * Parameters:
  97:Generated_Source\PSoC4/Input_Buttons.c **** *  mask:  Value to write into the mask register.
ARM GAS  C:\Users\bibiw\AppData\Local\Temp\ccgVULW4.s 			page 5


  98:Generated_Source\PSoC4/Input_Buttons.c **** *
  99:Generated_Source\PSoC4/Input_Buttons.c **** * Return:
 100:Generated_Source\PSoC4/Input_Buttons.c **** *  None.
 101:Generated_Source\PSoC4/Input_Buttons.c **** *
 102:Generated_Source\PSoC4/Input_Buttons.c **** *******************************************************************************/
 103:Generated_Source\PSoC4/Input_Buttons.c **** void Input_Buttons_WriteMask(uint8 mask) 
 104:Generated_Source\PSoC4/Input_Buttons.c **** {
 132              		.loc 1 104 0
 133              		.cfi_startproc
 134              		@ args = 0, pretend = 0, frame = 0
 135              		@ frame_needed = 0, uses_anonymous_args = 0
 136              		@ link register save eliminated.
 137              	.LVL4:
 105:Generated_Source\PSoC4/Input_Buttons.c ****     #if(Input_Buttons_INPUTS < 8u)
 106:Generated_Source\PSoC4/Input_Buttons.c ****     	mask &= ((uint8)(1u << Input_Buttons_INPUTS) - 1u);
 138              		.loc 1 106 0
 139 0000 1F23     		movs	r3, #31
 140 0002 1840     		ands	r0, r3
 141              	.LVL5:
 107:Generated_Source\PSoC4/Input_Buttons.c **** 	#endif /* End Input_Buttons_INPUTS < 8u */
 108:Generated_Source\PSoC4/Input_Buttons.c ****     Input_Buttons_Status_Mask = mask;
 142              		.loc 1 108 0
 143 0004 014B     		ldr	r3, .L11
 144 0006 1870     		strb	r0, [r3]
 109:Generated_Source\PSoC4/Input_Buttons.c **** }
 145              		.loc 1 109 0
 146              		@ sp needed
 147 0008 7047     		bx	lr
 148              	.L12:
 149 000a C046     		.align	2
 150              	.L11:
 151 000c 82000F40 		.word	1074724994
 152              		.cfi_endproc
 153              	.LFE3:
 154              		.size	Input_Buttons_WriteMask, .-Input_Buttons_WriteMask
 155              		.section	.text.Input_Buttons_ReadMask,"ax",%progbits
 156              		.align	2
 157              		.global	Input_Buttons_ReadMask
 158              		.code	16
 159              		.thumb_func
 160              		.type	Input_Buttons_ReadMask, %function
 161              	Input_Buttons_ReadMask:
 162              	.LFB4:
 110:Generated_Source\PSoC4/Input_Buttons.c **** 
 111:Generated_Source\PSoC4/Input_Buttons.c **** 
 112:Generated_Source\PSoC4/Input_Buttons.c **** /*******************************************************************************
 113:Generated_Source\PSoC4/Input_Buttons.c **** * Function Name: Input_Buttons_ReadMask
 114:Generated_Source\PSoC4/Input_Buttons.c **** ********************************************************************************
 115:Generated_Source\PSoC4/Input_Buttons.c **** *
 116:Generated_Source\PSoC4/Input_Buttons.c **** * Summary:
 117:Generated_Source\PSoC4/Input_Buttons.c **** *  Reads the current interrupt mask assigned to the Status Register.
 118:Generated_Source\PSoC4/Input_Buttons.c **** *
 119:Generated_Source\PSoC4/Input_Buttons.c **** * Parameters:
 120:Generated_Source\PSoC4/Input_Buttons.c **** *  None.
 121:Generated_Source\PSoC4/Input_Buttons.c **** *
 122:Generated_Source\PSoC4/Input_Buttons.c **** * Return:
 123:Generated_Source\PSoC4/Input_Buttons.c **** *  The value of the interrupt mask of the Status Register.
ARM GAS  C:\Users\bibiw\AppData\Local\Temp\ccgVULW4.s 			page 6


 124:Generated_Source\PSoC4/Input_Buttons.c **** *
 125:Generated_Source\PSoC4/Input_Buttons.c **** *******************************************************************************/
 126:Generated_Source\PSoC4/Input_Buttons.c **** uint8 Input_Buttons_ReadMask(void) 
 127:Generated_Source\PSoC4/Input_Buttons.c **** {
 163              		.loc 1 127 0
 164              		.cfi_startproc
 165              		@ args = 0, pretend = 0, frame = 0
 166              		@ frame_needed = 0, uses_anonymous_args = 0
 167              		@ link register save eliminated.
 128:Generated_Source\PSoC4/Input_Buttons.c ****     return Input_Buttons_Status_Mask;
 168              		.loc 1 128 0
 169 0000 014B     		ldr	r3, .L14
 170 0002 1878     		ldrb	r0, [r3]
 171 0004 C0B2     		uxtb	r0, r0
 129:Generated_Source\PSoC4/Input_Buttons.c **** }
 172              		.loc 1 129 0
 173              		@ sp needed
 174 0006 7047     		bx	lr
 175              	.L15:
 176              		.align	2
 177              	.L14:
 178 0008 82000F40 		.word	1074724994
 179              		.cfi_endproc
 180              	.LFE4:
 181              		.size	Input_Buttons_ReadMask, .-Input_Buttons_ReadMask
 182              		.text
 183              	.Letext0:
 184              		.file 2 "Generated_Source\\PSoC4\\cytypes.h"
 185              		.file 3 "Generated_Source\\PSoC4\\CyLib.h"
 186              		.section	.debug_info,"",%progbits
 187              	.Ldebug_info0:
 188 0000 7B010000 		.4byte	0x17b
 189 0004 0400     		.2byte	0x4
 190 0006 00000000 		.4byte	.Ldebug_abbrev0
 191 000a 04       		.byte	0x4
 192 000b 01       		.uleb128 0x1
 193 000c 2E010000 		.4byte	.LASF24
 194 0010 0C       		.byte	0xc
 195 0011 B5000000 		.4byte	.LASF25
 196 0015 79000000 		.4byte	.LASF26
 197 0019 00000000 		.4byte	.Ldebug_ranges0+0
 198 001d 00000000 		.4byte	0
 199 0021 00000000 		.4byte	.Ldebug_line0
 200 0025 02       		.uleb128 0x2
 201 0026 01       		.byte	0x1
 202 0027 06       		.byte	0x6
 203 0028 CF010000 		.4byte	.LASF0
 204 002c 02       		.uleb128 0x2
 205 002d 01       		.byte	0x1
 206 002e 08       		.byte	0x8
 207 002f E1000000 		.4byte	.LASF1
 208 0033 02       		.uleb128 0x2
 209 0034 02       		.byte	0x2
 210 0035 05       		.byte	0x5
 211 0036 1B020000 		.4byte	.LASF2
 212 003a 02       		.uleb128 0x2
 213 003b 02       		.byte	0x2
ARM GAS  C:\Users\bibiw\AppData\Local\Temp\ccgVULW4.s 			page 7


 214 003c 07       		.byte	0x7
 215 003d BC010000 		.4byte	.LASF3
 216 0041 02       		.uleb128 0x2
 217 0042 04       		.byte	0x4
 218 0043 05       		.byte	0x5
 219 0044 F4000000 		.4byte	.LASF4
 220 0048 02       		.uleb128 0x2
 221 0049 04       		.byte	0x4
 222 004a 07       		.byte	0x7
 223 004b 38000000 		.4byte	.LASF5
 224 004f 02       		.uleb128 0x2
 225 0050 08       		.byte	0x8
 226 0051 05       		.byte	0x5
 227 0052 00000000 		.4byte	.LASF6
 228 0056 02       		.uleb128 0x2
 229 0057 08       		.byte	0x8
 230 0058 07       		.byte	0x7
 231 0059 62000000 		.4byte	.LASF7
 232 005d 03       		.uleb128 0x3
 233 005e 04       		.byte	0x4
 234 005f 05       		.byte	0x5
 235 0060 696E7400 		.ascii	"int\000"
 236 0064 02       		.uleb128 0x2
 237 0065 04       		.byte	0x4
 238 0066 07       		.byte	0x7
 239 0067 0E000000 		.4byte	.LASF8
 240 006b 04       		.uleb128 0x4
 241 006c 32000000 		.4byte	.LASF12
 242 0070 02       		.byte	0x2
 243 0071 FB01     		.2byte	0x1fb
 244 0073 2C000000 		.4byte	0x2c
 245 0077 02       		.uleb128 0x2
 246 0078 04       		.byte	0x4
 247 0079 04       		.byte	0x4
 248 007a AF000000 		.4byte	.LASF9
 249 007e 02       		.uleb128 0x2
 250 007f 08       		.byte	0x8
 251 0080 04       		.byte	0x4
 252 0081 10010000 		.4byte	.LASF10
 253 0085 02       		.uleb128 0x2
 254 0086 01       		.byte	0x1
 255 0087 08       		.byte	0x8
 256 0088 EF000000 		.4byte	.LASF11
 257 008c 04       		.uleb128 0x4
 258 008d 25020000 		.4byte	.LASF13
 259 0091 02       		.byte	0x2
 260 0092 A502     		.2byte	0x2a5
 261 0094 98000000 		.4byte	0x98
 262 0098 05       		.uleb128 0x5
 263 0099 6B000000 		.4byte	0x6b
 264 009d 02       		.uleb128 0x2
 265 009e 08       		.byte	0x8
 266 009f 04       		.byte	0x4
 267 00a0 F1010000 		.4byte	.LASF14
 268 00a4 02       		.uleb128 0x2
 269 00a5 04       		.byte	0x4
 270 00a6 07       		.byte	0x7
ARM GAS  C:\Users\bibiw\AppData\Local\Temp\ccgVULW4.s 			page 8


 271 00a7 49020000 		.4byte	.LASF15
 272 00ab 06       		.uleb128 0x6
 273 00ac FD000000 		.4byte	.LASF20
 274 00b0 01       		.byte	0x1
 275 00b1 25       		.byte	0x25
 276 00b2 6B000000 		.4byte	0x6b
 277 00b6 00000000 		.4byte	.LFB0
 278 00ba 0C000000 		.4byte	.LFE0-.LFB0
 279 00be 01       		.uleb128 0x1
 280 00bf 9C       		.byte	0x9c
 281 00c0 07       		.uleb128 0x7
 282 00c1 FD010000 		.4byte	.LASF16
 283 00c5 01       		.byte	0x1
 284 00c6 39       		.byte	0x39
 285 00c7 00000000 		.4byte	.LFB1
 286 00cb 1C000000 		.4byte	.LFE1-.LFB1
 287 00cf 01       		.uleb128 0x1
 288 00d0 9C       		.byte	0x9c
 289 00d1 F7000000 		.4byte	0xf7
 290 00d5 08       		.uleb128 0x8
 291 00d6 52020000 		.4byte	.LASF18
 292 00da 01       		.byte	0x1
 293 00db 3B       		.byte	0x3b
 294 00dc 6B000000 		.4byte	0x6b
 295 00e0 00000000 		.4byte	.LLST0
 296 00e4 09       		.uleb128 0x9
 297 00e5 06000000 		.4byte	.LVL0
 298 00e9 68010000 		.4byte	0x168
 299 00ed 09       		.uleb128 0x9
 300 00ee 16000000 		.4byte	.LVL1
 301 00f2 73010000 		.4byte	0x173
 302 00f6 00       		.byte	0
 303 00f7 07       		.uleb128 0x7
 304 00f8 2A020000 		.4byte	.LASF17
 305 00fc 01       		.byte	0x1
 306 00fd 50       		.byte	0x50
 307 00fe 00000000 		.4byte	.LFB2
 308 0102 1C000000 		.4byte	.LFE2-.LFB2
 309 0106 01       		.uleb128 0x1
 310 0107 9C       		.byte	0x9c
 311 0108 2E010000 		.4byte	0x12e
 312 010c 08       		.uleb128 0x8
 313 010d 52020000 		.4byte	.LASF18
 314 0111 01       		.byte	0x1
 315 0112 52       		.byte	0x52
 316 0113 6B000000 		.4byte	0x6b
 317 0117 13000000 		.4byte	.LLST1
 318 011b 09       		.uleb128 0x9
 319 011c 06000000 		.4byte	.LVL2
 320 0120 68010000 		.4byte	0x168
 321 0124 09       		.uleb128 0x9
 322 0125 14000000 		.4byte	.LVL3
 323 0129 73010000 		.4byte	0x173
 324 012d 00       		.byte	0
 325 012e 07       		.uleb128 0x7
 326 012f 4A000000 		.4byte	.LASF19
 327 0133 01       		.byte	0x1
ARM GAS  C:\Users\bibiw\AppData\Local\Temp\ccgVULW4.s 			page 9


 328 0134 67       		.byte	0x67
 329 0135 00000000 		.4byte	.LFB3
 330 0139 10000000 		.4byte	.LFE3-.LFB3
 331 013d 01       		.uleb128 0x1
 332 013e 9C       		.byte	0x9c
 333 013f 53010000 		.4byte	0x153
 334 0143 0A       		.uleb128 0xa
 335 0144 DC000000 		.4byte	.LASF27
 336 0148 01       		.byte	0x1
 337 0149 67       		.byte	0x67
 338 014a 6B000000 		.4byte	0x6b
 339 014e 26000000 		.4byte	.LLST2
 340 0152 00       		.byte	0
 341 0153 06       		.uleb128 0x6
 342 0154 17010000 		.4byte	.LASF21
 343 0158 01       		.byte	0x1
 344 0159 7E       		.byte	0x7e
 345 015a 6B000000 		.4byte	0x6b
 346 015e 00000000 		.4byte	.LFB4
 347 0162 0C000000 		.4byte	.LFE4-.LFB4
 348 0166 01       		.uleb128 0x1
 349 0167 9C       		.byte	0x9c
 350 0168 0B       		.uleb128 0xb
 351 0169 1B000000 		.4byte	.LASF22
 352 016d 1B000000 		.4byte	.LASF22
 353 0171 03       		.byte	0x3
 354 0172 F8       		.byte	0xf8
 355 0173 0B       		.uleb128 0xb
 356 0174 DB010000 		.4byte	.LASF23
 357 0178 DB010000 		.4byte	.LASF23
 358 017c 03       		.byte	0x3
 359 017d F9       		.byte	0xf9
 360 017e 00       		.byte	0
 361              		.section	.debug_abbrev,"",%progbits
 362              	.Ldebug_abbrev0:
 363 0000 01       		.uleb128 0x1
 364 0001 11       		.uleb128 0x11
 365 0002 01       		.byte	0x1
 366 0003 25       		.uleb128 0x25
 367 0004 0E       		.uleb128 0xe
 368 0005 13       		.uleb128 0x13
 369 0006 0B       		.uleb128 0xb
 370 0007 03       		.uleb128 0x3
 371 0008 0E       		.uleb128 0xe
 372 0009 1B       		.uleb128 0x1b
 373 000a 0E       		.uleb128 0xe
 374 000b 55       		.uleb128 0x55
 375 000c 17       		.uleb128 0x17
 376 000d 11       		.uleb128 0x11
 377 000e 01       		.uleb128 0x1
 378 000f 10       		.uleb128 0x10
 379 0010 17       		.uleb128 0x17
 380 0011 00       		.byte	0
 381 0012 00       		.byte	0
 382 0013 02       		.uleb128 0x2
 383 0014 24       		.uleb128 0x24
 384 0015 00       		.byte	0
ARM GAS  C:\Users\bibiw\AppData\Local\Temp\ccgVULW4.s 			page 10


 385 0016 0B       		.uleb128 0xb
 386 0017 0B       		.uleb128 0xb
 387 0018 3E       		.uleb128 0x3e
 388 0019 0B       		.uleb128 0xb
 389 001a 03       		.uleb128 0x3
 390 001b 0E       		.uleb128 0xe
 391 001c 00       		.byte	0
 392 001d 00       		.byte	0
 393 001e 03       		.uleb128 0x3
 394 001f 24       		.uleb128 0x24
 395 0020 00       		.byte	0
 396 0021 0B       		.uleb128 0xb
 397 0022 0B       		.uleb128 0xb
 398 0023 3E       		.uleb128 0x3e
 399 0024 0B       		.uleb128 0xb
 400 0025 03       		.uleb128 0x3
 401 0026 08       		.uleb128 0x8
 402 0027 00       		.byte	0
 403 0028 00       		.byte	0
 404 0029 04       		.uleb128 0x4
 405 002a 16       		.uleb128 0x16
 406 002b 00       		.byte	0
 407 002c 03       		.uleb128 0x3
 408 002d 0E       		.uleb128 0xe
 409 002e 3A       		.uleb128 0x3a
 410 002f 0B       		.uleb128 0xb
 411 0030 3B       		.uleb128 0x3b
 412 0031 05       		.uleb128 0x5
 413 0032 49       		.uleb128 0x49
 414 0033 13       		.uleb128 0x13
 415 0034 00       		.byte	0
 416 0035 00       		.byte	0
 417 0036 05       		.uleb128 0x5
 418 0037 35       		.uleb128 0x35
 419 0038 00       		.byte	0
 420 0039 49       		.uleb128 0x49
 421 003a 13       		.uleb128 0x13
 422 003b 00       		.byte	0
 423 003c 00       		.byte	0
 424 003d 06       		.uleb128 0x6
 425 003e 2E       		.uleb128 0x2e
 426 003f 00       		.byte	0
 427 0040 3F       		.uleb128 0x3f
 428 0041 19       		.uleb128 0x19
 429 0042 03       		.uleb128 0x3
 430 0043 0E       		.uleb128 0xe
 431 0044 3A       		.uleb128 0x3a
 432 0045 0B       		.uleb128 0xb
 433 0046 3B       		.uleb128 0x3b
 434 0047 0B       		.uleb128 0xb
 435 0048 27       		.uleb128 0x27
 436 0049 19       		.uleb128 0x19
 437 004a 49       		.uleb128 0x49
 438 004b 13       		.uleb128 0x13
 439 004c 11       		.uleb128 0x11
 440 004d 01       		.uleb128 0x1
 441 004e 12       		.uleb128 0x12
ARM GAS  C:\Users\bibiw\AppData\Local\Temp\ccgVULW4.s 			page 11


 442 004f 06       		.uleb128 0x6
 443 0050 40       		.uleb128 0x40
 444 0051 18       		.uleb128 0x18
 445 0052 9742     		.uleb128 0x2117
 446 0054 19       		.uleb128 0x19
 447 0055 00       		.byte	0
 448 0056 00       		.byte	0
 449 0057 07       		.uleb128 0x7
 450 0058 2E       		.uleb128 0x2e
 451 0059 01       		.byte	0x1
 452 005a 3F       		.uleb128 0x3f
 453 005b 19       		.uleb128 0x19
 454 005c 03       		.uleb128 0x3
 455 005d 0E       		.uleb128 0xe
 456 005e 3A       		.uleb128 0x3a
 457 005f 0B       		.uleb128 0xb
 458 0060 3B       		.uleb128 0x3b
 459 0061 0B       		.uleb128 0xb
 460 0062 27       		.uleb128 0x27
 461 0063 19       		.uleb128 0x19
 462 0064 11       		.uleb128 0x11
 463 0065 01       		.uleb128 0x1
 464 0066 12       		.uleb128 0x12
 465 0067 06       		.uleb128 0x6
 466 0068 40       		.uleb128 0x40
 467 0069 18       		.uleb128 0x18
 468 006a 9742     		.uleb128 0x2117
 469 006c 19       		.uleb128 0x19
 470 006d 01       		.uleb128 0x1
 471 006e 13       		.uleb128 0x13
 472 006f 00       		.byte	0
 473 0070 00       		.byte	0
 474 0071 08       		.uleb128 0x8
 475 0072 34       		.uleb128 0x34
 476 0073 00       		.byte	0
 477 0074 03       		.uleb128 0x3
 478 0075 0E       		.uleb128 0xe
 479 0076 3A       		.uleb128 0x3a
 480 0077 0B       		.uleb128 0xb
 481 0078 3B       		.uleb128 0x3b
 482 0079 0B       		.uleb128 0xb
 483 007a 49       		.uleb128 0x49
 484 007b 13       		.uleb128 0x13
 485 007c 02       		.uleb128 0x2
 486 007d 17       		.uleb128 0x17
 487 007e 00       		.byte	0
 488 007f 00       		.byte	0
 489 0080 09       		.uleb128 0x9
 490 0081 898201   		.uleb128 0x4109
 491 0084 00       		.byte	0
 492 0085 11       		.uleb128 0x11
 493 0086 01       		.uleb128 0x1
 494 0087 31       		.uleb128 0x31
 495 0088 13       		.uleb128 0x13
 496 0089 00       		.byte	0
 497 008a 00       		.byte	0
 498 008b 0A       		.uleb128 0xa
ARM GAS  C:\Users\bibiw\AppData\Local\Temp\ccgVULW4.s 			page 12


 499 008c 05       		.uleb128 0x5
 500 008d 00       		.byte	0
 501 008e 03       		.uleb128 0x3
 502 008f 0E       		.uleb128 0xe
 503 0090 3A       		.uleb128 0x3a
 504 0091 0B       		.uleb128 0xb
 505 0092 3B       		.uleb128 0x3b
 506 0093 0B       		.uleb128 0xb
 507 0094 49       		.uleb128 0x49
 508 0095 13       		.uleb128 0x13
 509 0096 02       		.uleb128 0x2
 510 0097 17       		.uleb128 0x17
 511 0098 00       		.byte	0
 512 0099 00       		.byte	0
 513 009a 0B       		.uleb128 0xb
 514 009b 2E       		.uleb128 0x2e
 515 009c 00       		.byte	0
 516 009d 3F       		.uleb128 0x3f
 517 009e 19       		.uleb128 0x19
 518 009f 3C       		.uleb128 0x3c
 519 00a0 19       		.uleb128 0x19
 520 00a1 6E       		.uleb128 0x6e
 521 00a2 0E       		.uleb128 0xe
 522 00a3 03       		.uleb128 0x3
 523 00a4 0E       		.uleb128 0xe
 524 00a5 3A       		.uleb128 0x3a
 525 00a6 0B       		.uleb128 0xb
 526 00a7 3B       		.uleb128 0x3b
 527 00a8 0B       		.uleb128 0xb
 528 00a9 00       		.byte	0
 529 00aa 00       		.byte	0
 530 00ab 00       		.byte	0
 531              		.section	.debug_loc,"",%progbits
 532              	.Ldebug_loc0:
 533              	.LLST0:
 534 0000 06000000 		.4byte	.LVL0
 535 0004 15000000 		.4byte	.LVL1-1
 536 0008 0100     		.2byte	0x1
 537 000a 50       		.byte	0x50
 538 000b 00000000 		.4byte	0
 539 000f 00000000 		.4byte	0
 540              	.LLST1:
 541 0013 06000000 		.4byte	.LVL2
 542 0017 13000000 		.4byte	.LVL3-1
 543 001b 0100     		.2byte	0x1
 544 001d 50       		.byte	0x50
 545 001e 00000000 		.4byte	0
 546 0022 00000000 		.4byte	0
 547              	.LLST2:
 548 0026 00000000 		.4byte	.LVL4
 549 002a 04000000 		.4byte	.LVL5
 550 002e 0100     		.2byte	0x1
 551 0030 50       		.byte	0x50
 552 0031 04000000 		.4byte	.LVL5
 553 0035 10000000 		.4byte	.LFE3
 554 0039 0100     		.2byte	0x1
 555 003b 50       		.byte	0x50
ARM GAS  C:\Users\bibiw\AppData\Local\Temp\ccgVULW4.s 			page 13


 556 003c 00000000 		.4byte	0
 557 0040 00000000 		.4byte	0
 558              		.section	.debug_aranges,"",%progbits
 559 0000 3C000000 		.4byte	0x3c
 560 0004 0200     		.2byte	0x2
 561 0006 00000000 		.4byte	.Ldebug_info0
 562 000a 04       		.byte	0x4
 563 000b 00       		.byte	0
 564 000c 0000     		.2byte	0
 565 000e 0000     		.2byte	0
 566 0010 00000000 		.4byte	.LFB0
 567 0014 0C000000 		.4byte	.LFE0-.LFB0
 568 0018 00000000 		.4byte	.LFB1
 569 001c 1C000000 		.4byte	.LFE1-.LFB1
 570 0020 00000000 		.4byte	.LFB2
 571 0024 1C000000 		.4byte	.LFE2-.LFB2
 572 0028 00000000 		.4byte	.LFB3
 573 002c 10000000 		.4byte	.LFE3-.LFB3
 574 0030 00000000 		.4byte	.LFB4
 575 0034 0C000000 		.4byte	.LFE4-.LFB4
 576 0038 00000000 		.4byte	0
 577 003c 00000000 		.4byte	0
 578              		.section	.debug_ranges,"",%progbits
 579              	.Ldebug_ranges0:
 580 0000 00000000 		.4byte	.LFB0
 581 0004 0C000000 		.4byte	.LFE0
 582 0008 00000000 		.4byte	.LFB1
 583 000c 1C000000 		.4byte	.LFE1
 584 0010 00000000 		.4byte	.LFB2
 585 0014 1C000000 		.4byte	.LFE2
 586 0018 00000000 		.4byte	.LFB3
 587 001c 10000000 		.4byte	.LFE3
 588 0020 00000000 		.4byte	.LFB4
 589 0024 0C000000 		.4byte	.LFE4
 590 0028 00000000 		.4byte	0
 591 002c 00000000 		.4byte	0
 592              		.section	.debug_line,"",%progbits
 593              	.Ldebug_line0:
 594 0000 B8000000 		.section	.debug_str,"MS",%progbits,1
 594      02005500 
 594      00000201 
 594      FB0E0D00 
 594      01010101 
 595              	.LASF6:
 596 0000 6C6F6E67 		.ascii	"long long int\000"
 596      206C6F6E 
 596      6720696E 
 596      7400
 597              	.LASF8:
 598 000e 756E7369 		.ascii	"unsigned int\000"
 598      676E6564 
 598      20696E74 
 598      00
 599              	.LASF22:
 600 001b 4379456E 		.ascii	"CyEnterCriticalSection\000"
 600      74657243 
 600      72697469 
ARM GAS  C:\Users\bibiw\AppData\Local\Temp\ccgVULW4.s 			page 14


 600      63616C53 
 600      65637469 
 601              	.LASF12:
 602 0032 75696E74 		.ascii	"uint8\000"
 602      3800
 603              	.LASF5:
 604 0038 6C6F6E67 		.ascii	"long unsigned int\000"
 604      20756E73 
 604      69676E65 
 604      6420696E 
 604      7400
 605              	.LASF19:
 606 004a 496E7075 		.ascii	"Input_Buttons_WriteMask\000"
 606      745F4275 
 606      74746F6E 
 606      735F5772 
 606      6974654D 
 607              	.LASF7:
 608 0062 6C6F6E67 		.ascii	"long long unsigned int\000"
 608      206C6F6E 
 608      6720756E 
 608      7369676E 
 608      65642069 
 609              	.LASF26:
 610 0079 433A5C55 		.ascii	"C:\\Users\\bibiw\\Documents\\PSoC Creator\\Labs\\La"
 610      73657273 
 610      5C626962 
 610      69775C44 
 610      6F63756D 
 611 00a6 62312E63 		.ascii	"b1.cydsn\000"
 611      7964736E 
 611      00
 612              	.LASF9:
 613 00af 666C6F61 		.ascii	"float\000"
 613      7400
 614              	.LASF25:
 615 00b5 47656E65 		.ascii	"Generated_Source\\PSoC4\\Input_Buttons.c\000"
 615      72617465 
 615      645F536F 
 615      75726365 
 615      5C50536F 
 616              	.LASF27:
 617 00dc 6D61736B 		.ascii	"mask\000"
 617      00
 618              	.LASF1:
 619 00e1 756E7369 		.ascii	"unsigned char\000"
 619      676E6564 
 619      20636861 
 619      7200
 620              	.LASF11:
 621 00ef 63686172 		.ascii	"char\000"
 621      00
 622              	.LASF4:
 623 00f4 6C6F6E67 		.ascii	"long int\000"
 623      20696E74 
 623      00
 624              	.LASF20:
ARM GAS  C:\Users\bibiw\AppData\Local\Temp\ccgVULW4.s 			page 15


 625 00fd 496E7075 		.ascii	"Input_Buttons_Read\000"
 625      745F4275 
 625      74746F6E 
 625      735F5265 
 625      616400
 626              	.LASF10:
 627 0110 646F7562 		.ascii	"double\000"
 627      6C6500
 628              	.LASF21:
 629 0117 496E7075 		.ascii	"Input_Buttons_ReadMask\000"
 629      745F4275 
 629      74746F6E 
 629      735F5265 
 629      61644D61 
 630              	.LASF24:
 631 012e 474E5520 		.ascii	"GNU C11 5.4.1 20160609 (release) [ARM/embedded-5-br"
 631      43313120 
 631      352E342E 
 631      31203230 
 631      31363036 
 632 0161 616E6368 		.ascii	"anch revision 237715] -mcpu=cortex-m0 -mthumb -g -O"
 632      20726576 
 632      6973696F 
 632      6E203233 
 632      37373135 
 633 0194 67202D66 		.ascii	"g -ffunction-sections -ffat-lto-objects\000"
 633      66756E63 
 633      74696F6E 
 633      2D736563 
 633      74696F6E 
 634              	.LASF3:
 635 01bc 73686F72 		.ascii	"short unsigned int\000"
 635      7420756E 
 635      7369676E 
 635      65642069 
 635      6E7400
 636              	.LASF0:
 637 01cf 7369676E 		.ascii	"signed char\000"
 637      65642063 
 637      68617200 
 638              	.LASF23:
 639 01db 43794578 		.ascii	"CyExitCriticalSection\000"
 639      69744372 
 639      69746963 
 639      616C5365 
 639      6374696F 
 640              	.LASF14:
 641 01f1 6C6F6E67 		.ascii	"long double\000"
 641      20646F75 
 641      626C6500 
 642              	.LASF16:
 643 01fd 496E7075 		.ascii	"Input_Buttons_InterruptEnable\000"
 643      745F4275 
 643      74746F6E 
 643      735F496E 
 643      74657272 
 644              	.LASF2:
ARM GAS  C:\Users\bibiw\AppData\Local\Temp\ccgVULW4.s 			page 16


 645 021b 73686F72 		.ascii	"short int\000"
 645      7420696E 
 645      7400
 646              	.LASF13:
 647 0225 72656738 		.ascii	"reg8\000"
 647      00
 648              	.LASF17:
 649 022a 496E7075 		.ascii	"Input_Buttons_InterruptDisable\000"
 649      745F4275 
 649      74746F6E 
 649      735F496E 
 649      74657272 
 650              	.LASF15:
 651 0249 73697A65 		.ascii	"sizetype\000"
 651      74797065 
 651      00
 652              	.LASF18:
 653 0252 696E7465 		.ascii	"interruptState\000"
 653      72727570 
 653      74537461 
 653      746500
 654              		.ident	"GCC: (GNU Tools for ARM Embedded Processors) 5.4.1 20160609 (release) [ARM/embedded-5-bran
