ARM GAS  C:\Users\bibiw\AppData\Local\Temp\ccFwd7S9.s 			page 1


   1              		.syntax unified
   2              		.cpu cortex-m0
   3              		.fpu softvfp
   4              		.eabi_attribute 20, 1
   5              		.eabi_attribute 21, 1
   6              		.eabi_attribute 23, 3
   7              		.eabi_attribute 24, 1
   8              		.eabi_attribute 25, 1
   9              		.eabi_attribute 26, 1
  10              		.eabi_attribute 30, 1
  11              		.eabi_attribute 34, 0
  12              		.eabi_attribute 18, 4
  13              		.thumb
  14              		.syntax unified
  15              		.file	"main.c"
  16              		.text
  17              	.Ltext0:
  18              		.cfi_sections	.debug_frame
  19              		.section	.text.main,"ax",%progbits
  20              		.align	2
  21              		.global	main
  22              		.code	16
  23              		.thumb_func
  24              		.type	main, %function
  25              	main:
  26              	.LFB32:
  27              		.file 1 "main.c"
   1:main.c        **** /* ========================================
   2:main.c        ****  *
   3:main.c        ****  * Copyright YOUR COMPANY, THE YEAR
   4:main.c        ****  * All Rights Reserved
   5:main.c        ****  * UNPUBLISHED, LICENSED SOFTWARE.
   6:main.c        ****  *
   7:main.c        ****  * CONFIDENTIAL AND PROPRIETARY INFORMATION
   8:main.c        ****  * WHICH IS THE PROPERTY OF your company.
   9:main.c        ****  *
  10:main.c        ****  * ========================================
  11:main.c        **** */
  12:main.c        **** #include "project.h"
  13:main.c        **** 
  14:main.c        **** int main(void)
  15:main.c        **** {
  28              		.loc 1 15 0
  29              		.cfi_startproc
  30              		@ args = 0, pretend = 0, frame = 0
  31              		@ frame_needed = 0, uses_anonymous_args = 0
  32 0000 10B5     		push	{r4, lr}
  33              		.cfi_def_cfa_offset 8
  34              		.cfi_offset 4, -8
  35              		.cfi_offset 14, -4
  16:main.c        ****     CyGlobalIntEnable; /* Enable global interrupts. */
  36              		.loc 1 16 0
  37              		.syntax divided
  38              	@ 16 "main.c" 1
  39 0002 62B6     		CPSIE   i
  40              	@ 0 "" 2
  41              		.thumb
ARM GAS  C:\Users\bibiw\AppData\Local\Temp\ccFwd7S9.s 			page 2


  42              		.syntax unified
  43              	.L2:
  17:main.c        **** 
  18:main.c        ****     /* Place your initialization/startup code here (e.g. MyInst_Start()) */
  19:main.c        ****     uint8 register_value;
  20:main.c        ****     
  21:main.c        ****     for(;;)
  22:main.c        ****     {
  23:main.c        ****         register_value = Input_Buttons_Read();
  44              		.loc 1 23 0
  45 0004 FFF7FEFF 		bl	Input_Buttons_Read
  46              	.LVL0:
  24:main.c        ****         if(register_value == 0b00110 || register_value == 0b00011
  47              		.loc 1 24 0
  48 0008 0628     		cmp	r0, #6
  49 000a 0DD0     		beq	.L3
  50              		.loc 1 24 0 is_stmt 0 discriminator 1
  51 000c 0328     		cmp	r0, #3
  52 000e 0BD0     		beq	.L3
  25:main.c        ****             || register_value == 0b01001 || register_value == 0b01011 
  53              		.loc 1 25 0 is_stmt 1
  54 0010 0928     		cmp	r0, #9
  55 0012 09D0     		beq	.L3
  56              		.loc 1 25 0 is_stmt 0 discriminator 1
  57 0014 0B28     		cmp	r0, #11
  58 0016 07D0     		beq	.L3
  26:main.c        ****             || register_value == 0b01010 || register_value == 0b00110 
  59              		.loc 1 26 0 is_stmt 1
  60 0018 0A28     		cmp	r0, #10
  61 001a 05D0     		beq	.L3
  62              		.loc 1 26 0 is_stmt 0 discriminator 1
  63 001c 0628     		cmp	r0, #6
  64 001e 03D0     		beq	.L3
  27:main.c        ****             || register_value == 0b00101 || register_value == 0b01100) 
  65              		.loc 1 27 0 is_stmt 1
  66 0020 0528     		cmp	r0, #5
  67 0022 01D0     		beq	.L3
  68              		.loc 1 27 0 is_stmt 0 discriminator 1
  69 0024 0C28     		cmp	r0, #12
  70 0026 07D1     		bne	.L4
  71              	.L3:
  28:main.c        ****         {
  29:main.c        ****             LED_pin_Write(1);
  72              		.loc 1 29 0 is_stmt 1
  73 0028 0120     		movs	r0, #1
  74              	.LVL1:
  75 002a FFF7FEFF 		bl	LED_pin_Write
  76              	.LVL2:
  30:main.c        ****             CyDelay(500);
  77              		.loc 1 30 0
  78 002e FA20     		movs	r0, #250
  79 0030 4000     		lsls	r0, r0, #1
  80 0032 FFF7FEFF 		bl	CyDelay
  81              	.LVL3:
  82 0036 E5E7     		b	.L2
  83              	.LVL4:
  84              	.L4:
ARM GAS  C:\Users\bibiw\AppData\Local\Temp\ccFwd7S9.s 			page 3


  31:main.c        ****         } 
  32:main.c        ****         else 
  33:main.c        ****         {
  34:main.c        ****             LED_pin_Write(0);
  85              		.loc 1 34 0
  86 0038 0020     		movs	r0, #0
  87              	.LVL5:
  88 003a FFF7FEFF 		bl	LED_pin_Write
  89              	.LVL6:
  90 003e E1E7     		b	.L2
  91              		.cfi_endproc
  92              	.LFE32:
  93              		.size	main, .-main
  94              		.text
  95              	.Letext0:
  96              		.file 2 "Generated_Source\\PSoC4/Input_Buttons.h"
  97              		.file 3 "Generated_Source\\PSoC4/LED_pin.h"
  98              		.file 4 "Generated_Source\\PSoC4/CyLib.h"
  99              		.file 5 "Generated_Source\\PSoC4/cytypes.h"
 100              		.section	.debug_info,"",%progbits
 101              	.Ldebug_info0:
 102 0000 21010000 		.4byte	0x121
 103 0004 0400     		.2byte	0x4
 104 0006 00000000 		.4byte	.Ldebug_abbrev0
 105 000a 04       		.byte	0x4
 106 000b 01       		.uleb128 0x1
 107 000c ED000000 		.4byte	.LASF17
 108 0010 0C       		.byte	0xc
 109 0011 1B000000 		.4byte	.LASF18
 110 0015 5E000000 		.4byte	.LASF19
 111 0019 00000000 		.4byte	.Ldebug_ranges0+0
 112 001d 00000000 		.4byte	0
 113 0021 00000000 		.4byte	.Ldebug_line0
 114 0025 02       		.uleb128 0x2
 115 0026 01       		.byte	0x1
 116 0027 06       		.byte	0x6
 117 0028 8E010000 		.4byte	.LASF0
 118 002c 02       		.uleb128 0x2
 119 002d 01       		.byte	0x1
 120 002e 08       		.byte	0x8
 121 002f 9F000000 		.4byte	.LASF1
 122 0033 02       		.uleb128 0x2
 123 0034 02       		.byte	0x2
 124 0035 05       		.byte	0x5
 125 0036 A6010000 		.4byte	.LASF2
 126 003a 02       		.uleb128 0x2
 127 003b 02       		.byte	0x2
 128 003c 07       		.byte	0x7
 129 003d 7B010000 		.4byte	.LASF3
 130 0041 02       		.uleb128 0x2
 131 0042 04       		.byte	0x4
 132 0043 05       		.byte	0x5
 133 0044 CA000000 		.4byte	.LASF4
 134 0048 02       		.uleb128 0x2
 135 0049 04       		.byte	0x4
 136 004a 07       		.byte	0x7
 137 004b 35000000 		.4byte	.LASF5
ARM GAS  C:\Users\bibiw\AppData\Local\Temp\ccFwd7S9.s 			page 4


 138 004f 02       		.uleb128 0x2
 139 0050 08       		.byte	0x8
 140 0051 05       		.byte	0x5
 141 0052 00000000 		.4byte	.LASF6
 142 0056 02       		.uleb128 0x2
 143 0057 08       		.byte	0x8
 144 0058 07       		.byte	0x7
 145 0059 47000000 		.4byte	.LASF7
 146 005d 03       		.uleb128 0x3
 147 005e 04       		.byte	0x4
 148 005f 05       		.byte	0x5
 149 0060 696E7400 		.ascii	"int\000"
 150 0064 02       		.uleb128 0x2
 151 0065 04       		.byte	0x4
 152 0066 07       		.byte	0x7
 153 0067 0E000000 		.4byte	.LASF8
 154 006b 04       		.uleb128 0x4
 155 006c 2F000000 		.4byte	.LASF20
 156 0070 05       		.byte	0x5
 157 0071 FB01     		.2byte	0x1fb
 158 0073 2C000000 		.4byte	0x2c
 159 0077 02       		.uleb128 0x2
 160 0078 04       		.byte	0x4
 161 0079 04       		.byte	0x4
 162 007a 94000000 		.4byte	.LASF9
 163 007e 02       		.uleb128 0x2
 164 007f 08       		.byte	0x8
 165 0080 04       		.byte	0x4
 166 0081 E6000000 		.4byte	.LASF10
 167 0085 02       		.uleb128 0x2
 168 0086 01       		.byte	0x1
 169 0087 08       		.byte	0x8
 170 0088 9A000000 		.4byte	.LASF11
 171 008c 02       		.uleb128 0x2
 172 008d 08       		.byte	0x8
 173 008e 04       		.byte	0x4
 174 008f 9A010000 		.4byte	.LASF12
 175 0093 02       		.uleb128 0x2
 176 0094 04       		.byte	0x4
 177 0095 07       		.byte	0x7
 178 0096 B0010000 		.4byte	.LASF13
 179 009a 05       		.uleb128 0x5
 180 009b 22000000 		.4byte	.LASF21
 181 009f 01       		.byte	0x1
 182 00a0 0E       		.byte	0xe
 183 00a1 5D000000 		.4byte	0x5d
 184 00a5 00000000 		.4byte	.LFB32
 185 00a9 40000000 		.4byte	.LFE32-.LFB32
 186 00ad 01       		.uleb128 0x1
 187 00ae 9C       		.byte	0x9c
 188 00af 03010000 		.4byte	0x103
 189 00b3 06       		.uleb128 0x6
 190 00b4 BB000000 		.4byte	.LASF22
 191 00b8 01       		.byte	0x1
 192 00b9 13       		.byte	0x13
 193 00ba 6B000000 		.4byte	0x6b
 194 00be 00000000 		.4byte	.LLST0
ARM GAS  C:\Users\bibiw\AppData\Local\Temp\ccFwd7S9.s 			page 5


 195 00c2 07       		.uleb128 0x7
 196 00c3 08000000 		.4byte	.LVL0
 197 00c7 03010000 		.4byte	0x103
 198 00cb 08       		.uleb128 0x8
 199 00cc 2E000000 		.4byte	.LVL2
 200 00d0 0E010000 		.4byte	0x10e
 201 00d4 DE000000 		.4byte	0xde
 202 00d8 09       		.uleb128 0x9
 203 00d9 01       		.uleb128 0x1
 204 00da 50       		.byte	0x50
 205 00db 01       		.uleb128 0x1
 206 00dc 31       		.byte	0x31
 207 00dd 00       		.byte	0
 208 00de 08       		.uleb128 0x8
 209 00df 36000000 		.4byte	.LVL3
 210 00e3 19010000 		.4byte	0x119
 211 00e7 F3000000 		.4byte	0xf3
 212 00eb 09       		.uleb128 0x9
 213 00ec 01       		.uleb128 0x1
 214 00ed 50       		.byte	0x50
 215 00ee 03       		.uleb128 0x3
 216 00ef 0A       		.byte	0xa
 217 00f0 F401     		.2byte	0x1f4
 218 00f2 00       		.byte	0
 219 00f3 0A       		.uleb128 0xa
 220 00f4 3E000000 		.4byte	.LVL6
 221 00f8 0E010000 		.4byte	0x10e
 222 00fc 09       		.uleb128 0x9
 223 00fd 01       		.uleb128 0x1
 224 00fe 50       		.byte	0x50
 225 00ff 01       		.uleb128 0x1
 226 0100 30       		.byte	0x30
 227 0101 00       		.byte	0
 228 0102 00       		.byte	0
 229 0103 0B       		.uleb128 0xb
 230 0104 D3000000 		.4byte	.LASF14
 231 0108 D3000000 		.4byte	.LASF14
 232 010c 02       		.byte	0x2
 233 010d 30       		.byte	0x30
 234 010e 0B       		.uleb128 0xb
 235 010f AD000000 		.4byte	.LASF15
 236 0113 AD000000 		.4byte	.LASF15
 237 0117 03       		.byte	0x3
 238 0118 33       		.byte	0x33
 239 0119 0B       		.uleb128 0xb
 240 011a 27000000 		.4byte	.LASF16
 241 011e 27000000 		.4byte	.LASF16
 242 0122 04       		.byte	0x4
 243 0123 EC       		.byte	0xec
 244 0124 00       		.byte	0
 245              		.section	.debug_abbrev,"",%progbits
 246              	.Ldebug_abbrev0:
 247 0000 01       		.uleb128 0x1
 248 0001 11       		.uleb128 0x11
 249 0002 01       		.byte	0x1
 250 0003 25       		.uleb128 0x25
 251 0004 0E       		.uleb128 0xe
ARM GAS  C:\Users\bibiw\AppData\Local\Temp\ccFwd7S9.s 			page 6


 252 0005 13       		.uleb128 0x13
 253 0006 0B       		.uleb128 0xb
 254 0007 03       		.uleb128 0x3
 255 0008 0E       		.uleb128 0xe
 256 0009 1B       		.uleb128 0x1b
 257 000a 0E       		.uleb128 0xe
 258 000b 55       		.uleb128 0x55
 259 000c 17       		.uleb128 0x17
 260 000d 11       		.uleb128 0x11
 261 000e 01       		.uleb128 0x1
 262 000f 10       		.uleb128 0x10
 263 0010 17       		.uleb128 0x17
 264 0011 00       		.byte	0
 265 0012 00       		.byte	0
 266 0013 02       		.uleb128 0x2
 267 0014 24       		.uleb128 0x24
 268 0015 00       		.byte	0
 269 0016 0B       		.uleb128 0xb
 270 0017 0B       		.uleb128 0xb
 271 0018 3E       		.uleb128 0x3e
 272 0019 0B       		.uleb128 0xb
 273 001a 03       		.uleb128 0x3
 274 001b 0E       		.uleb128 0xe
 275 001c 00       		.byte	0
 276 001d 00       		.byte	0
 277 001e 03       		.uleb128 0x3
 278 001f 24       		.uleb128 0x24
 279 0020 00       		.byte	0
 280 0021 0B       		.uleb128 0xb
 281 0022 0B       		.uleb128 0xb
 282 0023 3E       		.uleb128 0x3e
 283 0024 0B       		.uleb128 0xb
 284 0025 03       		.uleb128 0x3
 285 0026 08       		.uleb128 0x8
 286 0027 00       		.byte	0
 287 0028 00       		.byte	0
 288 0029 04       		.uleb128 0x4
 289 002a 16       		.uleb128 0x16
 290 002b 00       		.byte	0
 291 002c 03       		.uleb128 0x3
 292 002d 0E       		.uleb128 0xe
 293 002e 3A       		.uleb128 0x3a
 294 002f 0B       		.uleb128 0xb
 295 0030 3B       		.uleb128 0x3b
 296 0031 05       		.uleb128 0x5
 297 0032 49       		.uleb128 0x49
 298 0033 13       		.uleb128 0x13
 299 0034 00       		.byte	0
 300 0035 00       		.byte	0
 301 0036 05       		.uleb128 0x5
 302 0037 2E       		.uleb128 0x2e
 303 0038 01       		.byte	0x1
 304 0039 3F       		.uleb128 0x3f
 305 003a 19       		.uleb128 0x19
 306 003b 03       		.uleb128 0x3
 307 003c 0E       		.uleb128 0xe
 308 003d 3A       		.uleb128 0x3a
ARM GAS  C:\Users\bibiw\AppData\Local\Temp\ccFwd7S9.s 			page 7


 309 003e 0B       		.uleb128 0xb
 310 003f 3B       		.uleb128 0x3b
 311 0040 0B       		.uleb128 0xb
 312 0041 27       		.uleb128 0x27
 313 0042 19       		.uleb128 0x19
 314 0043 49       		.uleb128 0x49
 315 0044 13       		.uleb128 0x13
 316 0045 8701     		.uleb128 0x87
 317 0047 19       		.uleb128 0x19
 318 0048 11       		.uleb128 0x11
 319 0049 01       		.uleb128 0x1
 320 004a 12       		.uleb128 0x12
 321 004b 06       		.uleb128 0x6
 322 004c 40       		.uleb128 0x40
 323 004d 18       		.uleb128 0x18
 324 004e 9742     		.uleb128 0x2117
 325 0050 19       		.uleb128 0x19
 326 0051 01       		.uleb128 0x1
 327 0052 13       		.uleb128 0x13
 328 0053 00       		.byte	0
 329 0054 00       		.byte	0
 330 0055 06       		.uleb128 0x6
 331 0056 34       		.uleb128 0x34
 332 0057 00       		.byte	0
 333 0058 03       		.uleb128 0x3
 334 0059 0E       		.uleb128 0xe
 335 005a 3A       		.uleb128 0x3a
 336 005b 0B       		.uleb128 0xb
 337 005c 3B       		.uleb128 0x3b
 338 005d 0B       		.uleb128 0xb
 339 005e 49       		.uleb128 0x49
 340 005f 13       		.uleb128 0x13
 341 0060 02       		.uleb128 0x2
 342 0061 17       		.uleb128 0x17
 343 0062 00       		.byte	0
 344 0063 00       		.byte	0
 345 0064 07       		.uleb128 0x7
 346 0065 898201   		.uleb128 0x4109
 347 0068 00       		.byte	0
 348 0069 11       		.uleb128 0x11
 349 006a 01       		.uleb128 0x1
 350 006b 31       		.uleb128 0x31
 351 006c 13       		.uleb128 0x13
 352 006d 00       		.byte	0
 353 006e 00       		.byte	0
 354 006f 08       		.uleb128 0x8
 355 0070 898201   		.uleb128 0x4109
 356 0073 01       		.byte	0x1
 357 0074 11       		.uleb128 0x11
 358 0075 01       		.uleb128 0x1
 359 0076 31       		.uleb128 0x31
 360 0077 13       		.uleb128 0x13
 361 0078 01       		.uleb128 0x1
 362 0079 13       		.uleb128 0x13
 363 007a 00       		.byte	0
 364 007b 00       		.byte	0
 365 007c 09       		.uleb128 0x9
ARM GAS  C:\Users\bibiw\AppData\Local\Temp\ccFwd7S9.s 			page 8


 366 007d 8A8201   		.uleb128 0x410a
 367 0080 00       		.byte	0
 368 0081 02       		.uleb128 0x2
 369 0082 18       		.uleb128 0x18
 370 0083 9142     		.uleb128 0x2111
 371 0085 18       		.uleb128 0x18
 372 0086 00       		.byte	0
 373 0087 00       		.byte	0
 374 0088 0A       		.uleb128 0xa
 375 0089 898201   		.uleb128 0x4109
 376 008c 01       		.byte	0x1
 377 008d 11       		.uleb128 0x11
 378 008e 01       		.uleb128 0x1
 379 008f 31       		.uleb128 0x31
 380 0090 13       		.uleb128 0x13
 381 0091 00       		.byte	0
 382 0092 00       		.byte	0
 383 0093 0B       		.uleb128 0xb
 384 0094 2E       		.uleb128 0x2e
 385 0095 00       		.byte	0
 386 0096 3F       		.uleb128 0x3f
 387 0097 19       		.uleb128 0x19
 388 0098 3C       		.uleb128 0x3c
 389 0099 19       		.uleb128 0x19
 390 009a 6E       		.uleb128 0x6e
 391 009b 0E       		.uleb128 0xe
 392 009c 03       		.uleb128 0x3
 393 009d 0E       		.uleb128 0xe
 394 009e 3A       		.uleb128 0x3a
 395 009f 0B       		.uleb128 0xb
 396 00a0 3B       		.uleb128 0x3b
 397 00a1 0B       		.uleb128 0xb
 398 00a2 00       		.byte	0
 399 00a3 00       		.byte	0
 400 00a4 00       		.byte	0
 401              		.section	.debug_loc,"",%progbits
 402              	.Ldebug_loc0:
 403              	.LLST0:
 404 0000 08000000 		.4byte	.LVL0
 405 0004 2A000000 		.4byte	.LVL1
 406 0008 0100     		.2byte	0x1
 407 000a 50       		.byte	0x50
 408 000b 38000000 		.4byte	.LVL4
 409 000f 3A000000 		.4byte	.LVL5
 410 0013 0100     		.2byte	0x1
 411 0015 50       		.byte	0x50
 412 0016 00000000 		.4byte	0
 413 001a 00000000 		.4byte	0
 414              		.section	.debug_aranges,"",%progbits
 415 0000 1C000000 		.4byte	0x1c
 416 0004 0200     		.2byte	0x2
 417 0006 00000000 		.4byte	.Ldebug_info0
 418 000a 04       		.byte	0x4
 419 000b 00       		.byte	0
 420 000c 0000     		.2byte	0
 421 000e 0000     		.2byte	0
 422 0010 00000000 		.4byte	.LFB32
ARM GAS  C:\Users\bibiw\AppData\Local\Temp\ccFwd7S9.s 			page 9


 423 0014 40000000 		.4byte	.LFE32-.LFB32
 424 0018 00000000 		.4byte	0
 425 001c 00000000 		.4byte	0
 426              		.section	.debug_ranges,"",%progbits
 427              	.Ldebug_ranges0:
 428 0000 00000000 		.4byte	.LFB32
 429 0004 40000000 		.4byte	.LFE32
 430 0008 00000000 		.4byte	0
 431 000c 00000000 		.4byte	0
 432              		.section	.debug_line,"",%progbits
 433              	.Ldebug_line0:
 434 0000 A6000000 		.section	.debug_str,"MS",%progbits,1
 434      02006C00 
 434      00000201 
 434      FB0E0D00 
 434      01010101 
 435              	.LASF6:
 436 0000 6C6F6E67 		.ascii	"long long int\000"
 436      206C6F6E 
 436      6720696E 
 436      7400
 437              	.LASF8:
 438 000e 756E7369 		.ascii	"unsigned int\000"
 438      676E6564 
 438      20696E74 
 438      00
 439              	.LASF18:
 440 001b 6D61696E 		.ascii	"main.c\000"
 440      2E6300
 441              	.LASF21:
 442 0022 6D61696E 		.ascii	"main\000"
 442      00
 443              	.LASF16:
 444 0027 43794465 		.ascii	"CyDelay\000"
 444      6C617900 
 445              	.LASF20:
 446 002f 75696E74 		.ascii	"uint8\000"
 446      3800
 447              	.LASF5:
 448 0035 6C6F6E67 		.ascii	"long unsigned int\000"
 448      20756E73 
 448      69676E65 
 448      6420696E 
 448      7400
 449              	.LASF7:
 450 0047 6C6F6E67 		.ascii	"long long unsigned int\000"
 450      206C6F6E 
 450      6720756E 
 450      7369676E 
 450      65642069 
 451              	.LASF19:
 452 005e 433A5C55 		.ascii	"C:\\Users\\bibiw\\Documents\\PSoC Creator\\Labs\\La"
 452      73657273 
 452      5C626962 
 452      69775C44 
 452      6F63756D 
 453 008b 62312E63 		.ascii	"b1.cydsn\000"
ARM GAS  C:\Users\bibiw\AppData\Local\Temp\ccFwd7S9.s 			page 10


 453      7964736E 
 453      00
 454              	.LASF9:
 455 0094 666C6F61 		.ascii	"float\000"
 455      7400
 456              	.LASF11:
 457 009a 63686172 		.ascii	"char\000"
 457      00
 458              	.LASF1:
 459 009f 756E7369 		.ascii	"unsigned char\000"
 459      676E6564 
 459      20636861 
 459      7200
 460              	.LASF15:
 461 00ad 4C45445F 		.ascii	"LED_pin_Write\000"
 461      70696E5F 
 461      57726974 
 461      6500
 462              	.LASF22:
 463 00bb 72656769 		.ascii	"register_value\000"
 463      73746572 
 463      5F76616C 
 463      756500
 464              	.LASF4:
 465 00ca 6C6F6E67 		.ascii	"long int\000"
 465      20696E74 
 465      00
 466              	.LASF14:
 467 00d3 496E7075 		.ascii	"Input_Buttons_Read\000"
 467      745F4275 
 467      74746F6E 
 467      735F5265 
 467      616400
 468              	.LASF10:
 469 00e6 646F7562 		.ascii	"double\000"
 469      6C6500
 470              	.LASF17:
 471 00ed 474E5520 		.ascii	"GNU C11 5.4.1 20160609 (release) [ARM/embedded-5-br"
 471      43313120 
 471      352E342E 
 471      31203230 
 471      31363036 
 472 0120 616E6368 		.ascii	"anch revision 237715] -mcpu=cortex-m0 -mthumb -g -O"
 472      20726576 
 472      6973696F 
 472      6E203233 
 472      37373135 
 473 0153 67202D66 		.ascii	"g -ffunction-sections -ffat-lto-objects\000"
 473      66756E63 
 473      74696F6E 
 473      2D736563 
 473      74696F6E 
 474              	.LASF3:
 475 017b 73686F72 		.ascii	"short unsigned int\000"
 475      7420756E 
 475      7369676E 
 475      65642069 
ARM GAS  C:\Users\bibiw\AppData\Local\Temp\ccFwd7S9.s 			page 11


 475      6E7400
 476              	.LASF0:
 477 018e 7369676E 		.ascii	"signed char\000"
 477      65642063 
 477      68617200 
 478              	.LASF12:
 479 019a 6C6F6E67 		.ascii	"long double\000"
 479      20646F75 
 479      626C6500 
 480              	.LASF2:
 481 01a6 73686F72 		.ascii	"short int\000"
 481      7420696E 
 481      7400
 482              	.LASF13:
 483 01b0 73697A65 		.ascii	"sizetype\000"
 483      74797065 
 483      00
 484              		.ident	"GCC: (GNU Tools for ARM Embedded Processors) 5.4.1 20160609 (release) [ARM/embedded-5-bran
